#
# There is insufficient memory for the Java Runtime Environment to continue.
# Native memory allocation (mmap) failed to map 130023424 bytes for G1 virtual space
# Possible reasons:
#   The system is out of physical RAM or swap space
#   The process is running with CompressedOops enabled, and the Java Heap may be blocking the growth of the native heap
# Possible solutions:
#   Reduce memory load on the system
#   Increase physical memory or swap space
#   Check if swap backing store is full
#   Decrease Java heap size (-Xmx/-Xms)
#   Decrease number of Java threads
#   Decrease Java thread stack sizes (-Xss)
#   Set larger code cache with -XX:ReservedCodeCacheSize=
#   JVM is running with Unscaled Compressed Oops mode in which the Java heap is
#     placed in the first 4GB address space. The Java Heap base address is the
#     maximum limit for the native heap growth. Please use -XX:HeapBaseMinAddress
#     to set the Java Heap base and to place the Java Heap above 4GB virtual address.
# This output file may be truncated or incomplete.
#
#  Out of Memory Error (os_windows.cpp:3541), pid=29736, tid=34676
#
# JRE version:  (17.0.4.1+1) (build )
# Java VM: OpenJDK 64-Bit Server VM (17.0.4.1+1, mixed mode, sharing, tiered, compressed oops, compressed class ptrs, g1 gc, windows-amd64)
# No core dump will be written. Minidumps are not enabled by default on client versions of Windows
#

---------------  S U M M A R Y ------------

Command Line: -Dfile.encoding=UTF-8 --module-path=C:\Users\My Pc\OneDrive\Documents\NetBeansProjects\UniversityManagementSys\build\classes universitymanagementsys.StudentFeeForm

Host: 11th Gen Intel(R) Core(TM) i3-1115G4 @ 3.00GHz, 4 cores, 7G,  Windows 11 , 64 bit Build 22621 (10.0.22621.3374)
Time: Sat Apr 20 13:46:01 2024 India Standard Time elapsed time: 0.018243 seconds (0d 0h 0m 0s)

---------------  T H R E A D  ---------------

Current thread (0x000001988af22cf0):  JavaThread "Unknown thread" [_thread_in_vm, id=34676, stack(0x000000141cc00000,0x000000141cd00000)]

Stack: [0x000000141cc00000,0x000000141cd00000]
Native frames: (J=compiled Java code, j=interpreted, Vv=VM code, C=native code)
V  [jvm.dll+0x67731a]
V  [jvm.dll+0x832284]
V  [jvm.dll+0x833a2e]
V  [jvm.dll+0x834093]
V  [jvm.dll+0x245775]
V  [jvm.dll+0x674209]
V  [jvm.dll+0x668a92]
V  [jvm.dll+0x30471b]
V  [jvm.dll+0x30bc66]
V  [jvm.dll+0x35ba9e]
V  [jvm.dll+0x35bccf]
V  [jvm.dll+0x2db5b8]
V  [jvm.dll+0x2dc524]
V  [jvm.dll+0x803db1]
V  [jvm.dll+0x3698f1]
V  [jvm.dll+0x7e31bc]
V  [jvm.dll+0x3ec25f]
V  [jvm.dll+0x3edde1]
C  [jli.dll+0x5277]
C  [ucrtbase.dll+0x29333]
C  [KERNEL32.DLL+0x1257d]
C  [ntdll.dll+0x5aa48]


---------------  P R O C E S S  ---------------

Threads class SMR info:
_java_thread_list=0x00007ffda0b84e98, length=0, elements={
}

Java Threads: ( => current thread )

Other Threads:
  0x000001988af79de0 GCTaskThread "GC Thread#0" [stack: 0x000000141cd00000,0x000000141ce00000] [id=31532]
  0x000001988af8a520 ConcurrentGCThread "G1 Main Marker" [stack: 0x000000141ce00000,0x000000141cf00000] [id=33840]
  0x000001988af8b6d0 ConcurrentGCThread "G1 Conc#0" [stack: 0x000000141cf00000,0x000000141d000000] [id=35256]

[error occurred during error reporting (printing all threads), id 0xc0000005, EXCEPTION_ACCESS_VIOLATION (0xc0000005) at pc=0x00007ffda035c047]

VM state: not at safepoint (not fully initialized)

VM Mutex/Monitor currently owned by a thread:  ([mutex/lock_event])
[0x000001988af1e160] Heap_lock - owner thread: 0x000001988af22cf0

Heap address: 0x0000000084000000, size: 1984 MB, Compressed Oops mode: 32-bit

CDS archive(s) mapped at: [0x0000000000000000-0x0000000000000000-0x0000000000000000), size 0, SharedBaseAddress: 0x0000000800000000, ArchiveRelocationMode: 0.
Narrow klass base: 0x0000000000000000, Narrow klass shift: 0, Narrow klass range: 0x0

GC Precious Log:
<Empty>

Heap:
 garbage-first heap   total 0K, used 0K [0x0000000084000000, 0x0000000100000000)
  region size 1024K, 0 young (0K), 0 survivors (0K)

[error occurred during error reporting (printing heap information), id 0xc0000005, EXCEPTION_ACCESS_VIOLATION (0xc0000005) at pc=0x00007ffda0740699]

GC Heap History (0 events):
No events

Deoptimization events (0 events):
No events

Classes unloaded (0 events):
No events

Classes redefined (0 events):
No events

Internal exceptions (0 events):
No events

VM Operations (0 events):
No events

Events (1 events):
Event: 0.012 Loaded shared library C:\Users\My Pc\AppData\Local\Programs\Eclipse Adoptium\jdk-17.0.4.101-hotspot\bin\java.dll


Dynamic libraries:
0x00007ff79f410000 - 0x00007ff79f41e000 	C:\Users\My Pc\AppData\Local\Programs\Eclipse Adoptium\jdk-17.0.4.101-hotspot\bin\java.exe
0x00007ffde6db0000 - 0x00007ffde6fc6000 	C:\WINDOWS\SYSTEM32\ntdll.dll
0x00007ffde57b0000 - 0x00007ffde5874000 	C:\WINDOWS\System32\KERNEL32.DLL
0x00007ffde40d0000 - 0x00007ffde4477000 	C:\WINDOWS\System32\KERNELBASE.dll
0x00007ffde4910000 - 0x00007ffde4a21000 	C:\WINDOWS\System32\ucrtbase.dll
0x00007ffdcd230000 - 0x00007ffdcd248000 	C:\Users\My Pc\AppData\Local\Programs\Eclipse Adoptium\jdk-17.0.4.101-hotspot\bin\jli.dll
0x00007ffdcb480000 - 0x00007ffdcb499000 	C:\Users\My Pc\AppData\Local\Programs\Eclipse Adoptium\jdk-17.0.4.101-hotspot\bin\VCRUNTIME140.dll
0x00007ffde53b0000 - 0x00007ffde555e000 	C:\WINDOWS\System32\USER32.dll
0x00007ffde4780000 - 0x00007ffde47a6000 	C:\WINDOWS\System32\win32u.dll
0x00007ffdcd510000 - 0x00007ffdcd7a3000 	C:\WINDOWS\WinSxS\amd64_microsoft.windows.common-controls_6595b64144ccf1df_6.0.22621.3235_none_270f74e173860f98\COMCTL32.dll
0x00007ffde4f40000 - 0x00007ffde4f69000 	C:\WINDOWS\System32\GDI32.dll
0x00007ffde4d00000 - 0x00007ffde4da7000 	C:\WINDOWS\System32\msvcrt.dll
0x00007ffde4480000 - 0x00007ffde4599000 	C:\WINDOWS\System32\gdi32full.dll
0x00007ffde47b0000 - 0x00007ffde484a000 	C:\WINDOWS\System32\msvcp_win.dll
0x00007ffde4e70000 - 0x00007ffde4ea1000 	C:\WINDOWS\System32\IMM32.DLL
0x00007ffdd28a0000 - 0x00007ffdd28ac000 	C:\Users\My Pc\AppData\Local\Programs\Eclipse Adoptium\jdk-17.0.4.101-hotspot\bin\vcruntime140_1.dll
0x00007ffdace00000 - 0x00007ffdace91000 	C:\Users\My Pc\AppData\Local\Programs\Eclipse Adoptium\jdk-17.0.4.101-hotspot\bin\msvcp140.dll
0x00007ffda0070000 - 0x00007ffda0cb6000 	C:\Users\My Pc\AppData\Local\Programs\Eclipse Adoptium\jdk-17.0.4.101-hotspot\bin\server\jvm.dll
0x00007ffde4db0000 - 0x00007ffde4e62000 	C:\WINDOWS\System32\ADVAPI32.dll
0x00007ffde4b90000 - 0x00007ffde4c38000 	C:\WINDOWS\System32\sechost.dll
0x00007ffde4ab0000 - 0x00007ffde4ad8000 	C:\WINDOWS\System32\bcrypt.dll
0x00007ffde6bf0000 - 0x00007ffde6d05000 	C:\WINDOWS\System32\RPCRT4.dll
0x00007ffde4f30000 - 0x00007ffde4f38000 	C:\WINDOWS\System32\PSAPI.DLL
0x00007ffdd99e0000 - 0x00007ffdd9a14000 	C:\WINDOWS\SYSTEM32\WINMM.dll
0x00007ffddc070000 - 0x00007ffddc07a000 	C:\WINDOWS\SYSTEM32\VERSION.dll
0x00007ffdc10a0000 - 0x00007ffdc10a9000 	C:\WINDOWS\SYSTEM32\WSOCK32.dll
0x00007ffde66f0000 - 0x00007ffde6761000 	C:\WINDOWS\System32\WS2_32.dll
0x00007ffde3110000 - 0x00007ffde3128000 	C:\WINDOWS\SYSTEM32\kernel.appcore.dll
0x00007ffdcd7b0000 - 0x00007ffdcd7ba000 	C:\Users\My Pc\AppData\Local\Programs\Eclipse Adoptium\jdk-17.0.4.101-hotspot\bin\jimage.dll
0x00007ffddf2a0000 - 0x00007ffddf4d3000 	C:\WINDOWS\SYSTEM32\DBGHELP.DLL
0x00007ffde58b0000 - 0x00007ffde5c38000 	C:\WINDOWS\System32\combase.dll
0x00007ffde5da0000 - 0x00007ffde5e77000 	C:\WINDOWS\System32\OLEAUT32.dll
0x00007ffdc14c0000 - 0x00007ffdc14f2000 	C:\WINDOWS\SYSTEM32\dbgcore.DLL
0x00007ffde4a30000 - 0x00007ffde4aa9000 	C:\WINDOWS\System32\bcryptPrimitives.dll
0x00007ffdc75b0000 - 0x00007ffdc75d5000 	C:\Users\My Pc\AppData\Local\Programs\Eclipse Adoptium\jdk-17.0.4.101-hotspot\bin\java.dll

dbghelp: loaded successfully - version: 4.0.5 - missing functions: none
symbol engine: initialized successfully - sym options: 0x614 - pdb path: .;C:\Users\My Pc\AppData\Local\Programs\Eclipse Adoptium\jdk-17.0.4.101-hotspot\bin;C:\WINDOWS\SYSTEM32;C:\WINDOWS\WinSxS\amd64_microsoft.windows.common-controls_6595b64144ccf1df_6.0.22621.3235_none_270f74e173860f98;C:\Users\My Pc\AppData\Local\Programs\Eclipse Adoptium\jdk-17.0.4.101-hotspot\bin\server

VM Arguments:
jvm_args: -Dfile.encoding=UTF-8 --module-path=C:\Users\My Pc\OneDrive\Documents\NetBeansProjects\UniversityManagementSys\build\classes 
java_command: universitymanagementsys.StudentFeeForm
java_class_path (initial): C:\Users\My Pc\Downloads\mysql-connector-java-8.0.28.jar;C:\Users\My Pc\Downloads\jcalendar-tz-1.3.3-4.jar;C:\Users\My Pc\Downloads\rs2xml.jar;C:\Users\My Pc\OneDrive\Documents\NetBeansProjects\UniversityManagementSys\build\classes
Launcher Type: SUN_STANDARD

[Global flags]
     intx CICompilerCount                          = 3                                         {product} {ergonomic}
     uint ConcGCThreads                            = 1                                         {product} {ergonomic}
     uint G1ConcRefinementThreads                  = 4                                         {product} {ergonomic}
   size_t G1HeapRegionSize                         = 1048576                                   {product} {ergonomic}
    uintx GCDrainStackTargetSize                   = 64                                        {product} {ergonomic}
   size_t InitialHeapSize                          = 130023424                                 {product} {ergonomic}
   size_t MarkStackSize                            = 4194304                                   {product} {ergonomic}
   size_t MaxHeapSize                              = 2080374784                                {product} {ergonomic}
   size_t MinHeapDeltaBytes                        = 1048576                                   {product} {ergonomic}
   size_t MinHeapSize                              = 8388608                                   {product} {ergonomic}
    uintx NonNMethodCodeHeapSize                   = 5832780                                {pd product} {ergonomic}
    uintx NonProfiledCodeHeapSize                  = 122912730                              {pd product} {ergonomic}
    uintx ProfiledCodeHeapSize                     = 122912730                              {pd product} {ergonomic}
    uintx ReservedCodeCacheSize                    = 251658240                              {pd product} {ergonomic}
     bool SegmentedCodeCache                       = true                                      {product} {ergonomic}
   size_t SoftMaxHeapSize                          = 2080374784                             {manageable} {ergonomic}
     bool UseCompressedClassPointers               = true                           {product lp64_product} {ergonomic}
     bool UseCompressedOops                        = true                           {product lp64_product} {ergonomic}
     bool UseG1GC                                  = true                                      {product} {ergonomic}
     bool UseLargePagesIndividualAllocation        = false                                  {pd product} {ergonomic}

Logging:
Log output configuration:
 #0: stdout all=warning uptime,level,tags
 #1: stderr all=off uptime,level,tags

Environment Variables:
JAVA_HOME=C:\Users\My Pc\AppData\Local\Programs\Eclipse Adoptium\jdk-17.0.4.101-hotspot\
PATH=C:\Program Files\Common Files\Oracle\Java\javapath;C:\oraclexe\app\oracle\product\11.2.0\server\bin;C:\WINDOWS\system32;C:\WINDOWS;C:\WINDOWS\System32\Wbem;C:\WINDOWS\System32\WindowsPowerShell\v1.0\;C:\WINDOWS\System32\OpenSSH\;C:\MinGW\bin;C:\Program Files\Git\cmd;C:\Program Files\Git\mingw64\bin;C:\Program Files\Git\usr\bin;C:\Program Files\nodejs\;C:\Program Files\Java\jdk-17\bin;C:\Program Files\MySQL\MySQL Shell 8.0\bin\;C:\Users\My Pc\AppData\Local\Programs\Python\Python311\Scripts\;C:\Users\My Pc\AppData\Local\Programs\Python\Python311\;C:\Users\My Pc\AppData\Local\Programs\Eclipse Adoptium\jdk-17.0.4.101-hotspot\bin;C:\Users\My Pc\AppData\Local\Microsoft\WindowsApps;;C:\Users\My Pc\AppData\Local\Programs\Microsoft VS Code\bin;C:\Program Files\JetBrains\IntelliJ IDEA Community Edition 2022.2.2\bin;;C:\Users\My Pc\AppData\Roaming\npm
USERNAME=My Pc
OS=Windows_NT
PROCESSOR_IDENTIFIER=Intel64 Family 6 Model 140 Stepping 1, GenuineIntel
TMP=C:\Users\MYPC~1\AppData\Local\Temp
TEMP=C:\Users\MYPC~1\AppData\Local\Temp



---------------  S Y S T E M  ---------------

OS:
 Windows 11 , 64 bit Build 22621 (10.0.22621.3374)
OS uptime: 7 days 16:23 hours

CPU: total 4 (initial active 4) (2 cores per cpu, 2 threads per core) family 6 model 140 stepping 1 microcode 0xac, cx8, cmov, fxsr, ht, mmx, 3dnowpref, sse, sse2, sse3, ssse3, sse4.1, sse4.2, popcnt, lzcnt, tsc, tscinvbit, avx, avx2, aes, erms, clmul, bmi1, bmi2, adx, avx512f, avx512dq, avx512cd, avx512bw, avx512vl, sha, fma, vzeroupper, avx512_vpopcntdq, avx512_vpclmulqdq, avx512_vaes, avx512_vnni, clflush, clflushopt, clwb, avx512_vbmi2, avx512_vbmi

Memory: 4k page, system-wide physical 7932M (902M free)
TotalPageFile size 32508M (AvailPageFile size 85M)
current process WorkingSet (physical memory assigned to process): 11M, peak: 11M
current process commit charge ("private bytes"): 52M, peak: 175M

vm_info: OpenJDK 64-Bit Server VM (17.0.4.1+1) for windows-amd64 JRE (17.0.4.1+1), built on Aug 17 2022 07:42:43 by "temurin" with MS VC++ 16.7 (VS2019)

END.
