#
# There is insufficient memory for the Java Runtime Environment to continue.
# Native memory allocation (malloc) failed to allocate 630096 bytes for Chunk::new
# Possible reasons:
#   The system is out of physical RAM or swap space
#   The process is running with CompressedOops enabled, and the Java Heap may be blocking the growth of the native heap
# Possible solutions:
#   Reduce memory load on the system
#   Increase physical memory or swap space
#   Check if swap backing store is full
#   Decrease Java heap size (-Xmx/-Xms)
#   Decrease number of Java threads
#   Decrease Java thread stack sizes (-Xss)
#   Set larger code cache with -XX:ReservedCodeCacheSize=
#   JVM is running with Unscaled Compressed Oops mode in which the Java heap is
#     placed in the first 4GB address space. The Java Heap base address is the
#     maximum limit for the native heap growth. Please use -XX:HeapBaseMinAddress
#     to set the Java Heap base and to place the Java Heap above 4GB virtual address.
# This output file may be truncated or incomplete.
#
#  Out of Memory Error (arena.cpp:189), pid=9248, tid=18116
#
# JRE version: OpenJDK Runtime Environment Temurin-17.0.4.1+1 (17.0.4.1+1) (build 17.0.4.1+1)
# Java VM: OpenJDK 64-Bit Server VM Temurin-17.0.4.1+1 (17.0.4.1+1, mixed mode, sharing, tiered, compressed oops, compressed class ptrs, g1 gc, windows-amd64)
# No core dump will be written. Minidumps are not enabled by default on client versions of Windows
#

---------------  S U M M A R Y ------------

Command Line: -Dfile.encoding=UTF-8 --module-path=C:\Users\My Pc\OneDrive\Documents\NetBeansProjects\UniversityManagementSys\build\classes universitymanagementsys.EnterMarks

Host: 11th Gen Intel(R) Core(TM) i3-1115G4 @ 3.00GHz, 4 cores, 7G,  Windows 11 , 64 bit Build 22621 (10.0.22621.3374)
Time: Sat Apr 20 13:30:35 2024 India Standard Time elapsed time: 52213.002225 seconds (0d 14h 30m 13s)

---------------  T H R E A D  ---------------

Current thread (0x0000019dff6d8e00):  JavaThread "C2 CompilerThread0" daemon [_thread_in_native, id=18116, stack(0x0000004e3f400000,0x0000004e3f500000)]


Current CompileTask:
C2:52213002 1833   !   4       java.net.URL::<init> (543 bytes)

Stack: [0x0000004e3f400000,0x0000004e3f500000]
Native frames: (J=compiled Java code, j=interpreted, Vv=VM code, C=native code)
V  [jvm.dll+0x67731a]
V  [jvm.dll+0x832284]
V  [jvm.dll+0x833a2e]
V  [jvm.dll+0x834093]
V  [jvm.dll+0x245775]
V  [jvm.dll+0xabd7b]
V  [jvm.dll+0xac30c]
V  [jvm.dll+0x363a42]
V  [jvm.dll+0x32e011]
V  [jvm.dll+0x32d4ba]
V  [jvm.dll+0x218681]
V  [jvm.dll+0x217aa1]
V  [jvm.dll+0x1a3f8d]
V  [jvm.dll+0x227498]
V  [jvm.dll+0x2255e5]
V  [jvm.dll+0x7e7e9b]
V  [jvm.dll+0x7e240a]
V  [jvm.dll+0x6761a5]
C  [ucrtbase.dll+0x29333]
C  [KERNEL32.DLL+0x1257d]
C  [ntdll.dll+0x5aa48]


---------------  P R O C E S S  ---------------

Threads class SMR info:
_java_thread_list=0x0000019d9e30b310, length=17, elements={
0x0000019dff6b5050, 0x0000019dff6b5a00, 0x0000019dff6c7010, 0x0000019dff6c79c0,
0x0000019dff6ca990, 0x0000019dff6cc350, 0x0000019dff6d8e00, 0x0000019dff6db8b0,
0x0000019dff6ecdb0, 0x0000019d9d487740, 0x0000019d9d4fd290, 0x0000019d9d5f6b00,
0x0000019d9d6f95d0, 0x0000019d9d700570, 0x0000019d9d735400, 0x0000019d9e409750,
0x0000019d9e43a890
}

Java Threads: ( => current thread )
  0x0000019dff6b5050 JavaThread "Reference Handler" daemon [_thread_blocked, id=15728, stack(0x0000004e3ee00000,0x0000004e3ef00000)]
  0x0000019dff6b5a00 JavaThread "Finalizer" daemon [_thread_blocked, id=21844, stack(0x0000004e3ef00000,0x0000004e3f000000)]
  0x0000019dff6c7010 JavaThread "Signal Dispatcher" daemon [_thread_blocked, id=21852, stack(0x0000004e3f000000,0x0000004e3f100000)]
  0x0000019dff6c79c0 JavaThread "Attach Listener" daemon [_thread_blocked, id=22812, stack(0x0000004e3f100000,0x0000004e3f200000)]
  0x0000019dff6ca990 JavaThread "Service Thread" daemon [_thread_blocked, id=22648, stack(0x0000004e3f200000,0x0000004e3f300000)]
  0x0000019dff6cc350 JavaThread "Monitor Deflation Thread" daemon [_thread_blocked, id=8136, stack(0x0000004e3f300000,0x0000004e3f400000)]
=>0x0000019dff6d8e00 JavaThread "C2 CompilerThread0" daemon [_thread_in_native, id=18116, stack(0x0000004e3f400000,0x0000004e3f500000)]
  0x0000019dff6db8b0 JavaThread "C1 CompilerThread0" daemon [_thread_blocked, id=7700, stack(0x0000004e3f500000,0x0000004e3f600000)]
  0x0000019dff6ecdb0 JavaThread "Sweeper thread" daemon [_thread_blocked, id=22220, stack(0x0000004e3f600000,0x0000004e3f700000)]
  0x0000019d9d487740 JavaThread "Common-Cleaner" daemon [_thread_blocked, id=7788, stack(0x0000004e3f700000,0x0000004e3f800000)]
  0x0000019d9d4fd290 JavaThread "Notification Thread" daemon [_thread_blocked, id=21560, stack(0x0000004e3f800000,0x0000004e3f900000)]
  0x0000019d9d5f6b00 JavaThread "Java2D Disposer" daemon [_thread_blocked, id=21900, stack(0x0000004e3fa00000,0x0000004e3fb00000)]
  0x0000019d9d6f95d0 JavaThread "AWT-Shutdown" [_thread_blocked, id=22864, stack(0x0000004e3fb00000,0x0000004e3fc00000)]
  0x0000019d9d700570 JavaThread "AWT-Windows" daemon [_thread_in_native, id=23000, stack(0x0000004e3fc00000,0x0000004e3fd00000)]
  0x0000019d9d735400 JavaThread "mysql-cj-abandoned-connection-cleanup" daemon [_thread_blocked, id=2988, stack(0x0000004e3fe00000,0x0000004e3ff00000)]
  0x0000019d9e409750 JavaThread "AWT-EventQueue-0" [_thread_blocked, id=7960, stack(0x0000004e40400000,0x0000004e40500000)]
  0x0000019d9e43a890 JavaThread "DestroyJavaVM" [_thread_blocked, id=23272, stack(0x0000004e3e700000,0x0000004e3e800000)]

Other Threads:
  0x0000019dff6af2b0 VMThread "VM Thread" [stack: 0x0000004e3ed00000,0x0000004e3ee00000] [id=23092]
  0x0000019d9d49ed10 WatcherThread [stack: 0x0000004e3f900000,0x0000004e3fa00000] [id=16452]
  0x0000019dfe609f30 GCTaskThread "GC Thread#0" [stack: 0x0000004e3e800000,0x0000004e3e900000] [id=15636]
  0x0000019d9df71dc0 GCTaskThread "GC Thread#1" [stack: 0x0000004e40000000,0x0000004e40100000] [id=20800]
  0x0000019d9df72070 GCTaskThread "GC Thread#2" [stack: 0x0000004e40100000,0x0000004e40200000] [id=12524]
  0x0000019d9df72320 GCTaskThread "GC Thread#3" [stack: 0x0000004e40200000,0x0000004e40300000] [id=23300]
  0x0000019dfe61a670 ConcurrentGCThread "G1 Main Marker" [stack: 0x0000004e3e900000,0x0000004e3ea00000] [id=18032]
  0x0000019dfe61b080 ConcurrentGCThread "G1 Conc#0" [stack: 0x0000004e3ea00000,0x0000004e3eb00000] [id=22272]
  0x0000019dff560090 ConcurrentGCThread "G1 Refine#0" [stack: 0x0000004e3eb00000,0x0000004e3ec00000] [id=17024]
  0x0000019d9df53e80 ConcurrentGCThread "G1 Refine#1" [stack: 0x0000004e40300000,0x0000004e40400000] [id=2512]
  0x0000019dff560ab0 ConcurrentGCThread "G1 Service" [stack: 0x0000004e3ec00000,0x0000004e3ed00000] [id=17224]

Threads with active compile tasks:
C2 CompilerThread0  52213041 1833   !   4       java.net.URL::<init> (543 bytes)

VM state: not at safepoint (normal execution)

VM Mutex/Monitor currently owned by a thread: None

Heap address: 0x0000000084000000, size: 1984 MB, Compressed Oops mode: 32-bit

CDS archive(s) mapped at: [0x0000000800000000-0x0000000800bc0000-0x0000000800bc0000), size 12320768, SharedBaseAddress: 0x0000000800000000, ArchiveRelocationMode: 0.
Compressed class space mapped at: 0x0000000800c00000-0x0000000840c00000, reserved size: 1073741824
Narrow klass base: 0x0000000800000000, Narrow klass shift: 0, Narrow klass range: 0x100000000

GC Precious Log:
 CPUs: 4 total, 4 available
 Memory: 7932M
 Large Page Support: Disabled
 NUMA Support: Disabled
 Compressed Oops: Enabled (32-bit)
 Heap Region Size: 1M
 Heap Min Capacity: 8M
 Heap Initial Capacity: 124M
 Heap Max Capacity: 1984M
 Pre-touch: Disabled
 Parallel Workers: 4
 Concurrent Workers: 1
 Concurrent Refinement Workers: 4
 Periodic GC: Disabled

Heap:
 garbage-first heap   total 126976K, used 12944K [0x0000000084000000, 0x0000000100000000)
  region size 1024K, 6 young (6144K), 2 survivors (2048K)
 Metaspace       used 17377K, committed 17600K, reserved 1064960K
  class space    used 2034K, committed 2112K, reserved 1048576K

Heap Regions: E=young(eden), S=young(survivor), O=old, HS=humongous(starts), HC=humongous(continues), CS=collection set, F=free, OA=open archive, CA=closed archive, TAMS=top-at-mark-start (previous, next)
|   0|0x0000000084000000, 0x0000000084100000, 0x0000000084100000|100%|HS|  |TAMS 0x0000000084000000, 0x0000000084000000| Complete 
|   1|0x0000000084100000, 0x0000000084200000, 0x0000000084200000|100%|HC|  |TAMS 0x0000000084100000, 0x0000000084100000| Complete 
|   2|0x0000000084200000, 0x0000000084300000, 0x0000000084300000|100%| O|  |TAMS 0x0000000084200000, 0x0000000084200000| Untracked 
|   3|0x0000000084300000, 0x0000000084400000, 0x0000000084400000|100%| O|  |TAMS 0x0000000084300000, 0x0000000084300000| Untracked 
|   4|0x0000000084400000, 0x0000000084500000, 0x0000000084500000|100%|HS|  |TAMS 0x0000000084400000, 0x0000000084400000| Complete 
|   5|0x0000000084500000, 0x0000000084600000, 0x0000000084600000|100%|HC|  |TAMS 0x0000000084500000, 0x0000000084500000| Complete 
|   6|0x0000000084600000, 0x0000000084700000, 0x0000000084700000|100%| O|  |TAMS 0x0000000084600000, 0x0000000084600000| Untracked 
|   7|0x0000000084700000, 0x00000000847a4000, 0x0000000084800000| 64%| O|  |TAMS 0x0000000084700000, 0x0000000084700000| Untracked 
|   8|0x0000000084800000, 0x0000000084800000, 0x0000000084900000|  0%| F|  |TAMS 0x0000000084800000, 0x0000000084800000| Untracked 
|   9|0x0000000084900000, 0x0000000084900000, 0x0000000084a00000|  0%| F|  |TAMS 0x0000000084900000, 0x0000000084900000| Untracked 
|  10|0x0000000084a00000, 0x0000000084a00000, 0x0000000084b00000|  0%| F|  |TAMS 0x0000000084a00000, 0x0000000084a00000| Untracked 
|  11|0x0000000084b00000, 0x0000000084b00000, 0x0000000084c00000|  0%| F|  |TAMS 0x0000000084b00000, 0x0000000084b00000| Untracked 
|  12|0x0000000084c00000, 0x0000000084c00000, 0x0000000084d00000|  0%| F|  |TAMS 0x0000000084c00000, 0x0000000084c00000| Untracked 
|  13|0x0000000084d00000, 0x0000000084d00000, 0x0000000084e00000|  0%| F|  |TAMS 0x0000000084d00000, 0x0000000084d00000| Untracked 
|  14|0x0000000084e00000, 0x0000000084e00000, 0x0000000084f00000|  0%| F|  |TAMS 0x0000000084e00000, 0x0000000084e00000| Untracked 
|  15|0x0000000084f00000, 0x0000000084f00000, 0x0000000085000000|  0%| F|  |TAMS 0x0000000084f00000, 0x0000000084f00000| Untracked 
|  16|0x0000000085000000, 0x0000000085000000, 0x0000000085100000|  0%| F|  |TAMS 0x0000000085000000, 0x0000000085000000| Untracked 
|  17|0x0000000085100000, 0x0000000085100000, 0x0000000085200000|  0%| F|  |TAMS 0x0000000085100000, 0x0000000085100000| Untracked 
|  18|0x0000000085200000, 0x0000000085200000, 0x0000000085300000|  0%| F|  |TAMS 0x0000000085200000, 0x0000000085200000| Untracked 
|  19|0x0000000085300000, 0x0000000085300000, 0x0000000085400000|  0%| F|  |TAMS 0x0000000085300000, 0x0000000085300000| Untracked 
|  20|0x0000000085400000, 0x0000000085400000, 0x0000000085500000|  0%| F|  |TAMS 0x0000000085400000, 0x0000000085400000| Untracked 
|  21|0x0000000085500000, 0x0000000085500000, 0x0000000085600000|  0%| F|  |TAMS 0x0000000085500000, 0x0000000085500000| Untracked 
|  22|0x0000000085600000, 0x0000000085600000, 0x0000000085700000|  0%| F|  |TAMS 0x0000000085600000, 0x0000000085600000| Untracked 
|  23|0x0000000085700000, 0x0000000085700000, 0x0000000085800000|  0%| F|  |TAMS 0x0000000085700000, 0x0000000085700000| Untracked 
|  24|0x0000000085800000, 0x0000000085800000, 0x0000000085900000|  0%| F|  |TAMS 0x0000000085800000, 0x0000000085800000| Untracked 
|  25|0x0000000085900000, 0x0000000085900000, 0x0000000085a00000|  0%| F|  |TAMS 0x0000000085900000, 0x0000000085900000| Untracked 
|  26|0x0000000085a00000, 0x0000000085a00000, 0x0000000085b00000|  0%| F|  |TAMS 0x0000000085a00000, 0x0000000085a00000| Untracked 
|  27|0x0000000085b00000, 0x0000000085b00000, 0x0000000085c00000|  0%| F|  |TAMS 0x0000000085b00000, 0x0000000085b00000| Untracked 
|  28|0x0000000085c00000, 0x0000000085c00000, 0x0000000085d00000|  0%| F|  |TAMS 0x0000000085c00000, 0x0000000085c00000| Untracked 
|  29|0x0000000085d00000, 0x0000000085d00000, 0x0000000085e00000|  0%| F|  |TAMS 0x0000000085d00000, 0x0000000085d00000| Untracked 
|  30|0x0000000085e00000, 0x0000000085e00000, 0x0000000085f00000|  0%| F|  |TAMS 0x0000000085e00000, 0x0000000085e00000| Untracked 
|  31|0x0000000085f00000, 0x0000000085f00000, 0x0000000086000000|  0%| F|  |TAMS 0x0000000085f00000, 0x0000000085f00000| Untracked 
|  32|0x0000000086000000, 0x0000000086000000, 0x0000000086100000|  0%| F|  |TAMS 0x0000000086000000, 0x0000000086000000| Untracked 
|  33|0x0000000086100000, 0x0000000086100000, 0x0000000086200000|  0%| F|  |TAMS 0x0000000086100000, 0x0000000086100000| Untracked 
|  34|0x0000000086200000, 0x0000000086200000, 0x0000000086300000|  0%| F|  |TAMS 0x0000000086200000, 0x0000000086200000| Untracked 
|  35|0x0000000086300000, 0x0000000086300000, 0x0000000086400000|  0%| F|  |TAMS 0x0000000086300000, 0x0000000086300000| Untracked 
|  36|0x0000000086400000, 0x0000000086400000, 0x0000000086500000|  0%| F|  |TAMS 0x0000000086400000, 0x0000000086400000| Untracked 
|  37|0x0000000086500000, 0x0000000086500000, 0x0000000086600000|  0%| F|  |TAMS 0x0000000086500000, 0x0000000086500000| Untracked 
|  38|0x0000000086600000, 0x0000000086600000, 0x0000000086700000|  0%| F|  |TAMS 0x0000000086600000, 0x0000000086600000| Untracked 
|  39|0x0000000086700000, 0x0000000086700000, 0x0000000086800000|  0%| F|  |TAMS 0x0000000086700000, 0x0000000086700000| Untracked 
|  40|0x0000000086800000, 0x0000000086800000, 0x0000000086900000|  0%| F|  |TAMS 0x0000000086800000, 0x0000000086800000| Untracked 
|  41|0x0000000086900000, 0x0000000086900000, 0x0000000086a00000|  0%| F|  |TAMS 0x0000000086900000, 0x0000000086900000| Untracked 
|  42|0x0000000086a00000, 0x0000000086a00000, 0x0000000086b00000|  0%| F|  |TAMS 0x0000000086a00000, 0x0000000086a00000| Untracked 
|  43|0x0000000086b00000, 0x0000000086b00000, 0x0000000086c00000|  0%| F|  |TAMS 0x0000000086b00000, 0x0000000086b00000| Untracked 
|  44|0x0000000086c00000, 0x0000000086c00000, 0x0000000086d00000|  0%| F|  |TAMS 0x0000000086c00000, 0x0000000086c00000| Untracked 
|  45|0x0000000086d00000, 0x0000000086d00000, 0x0000000086e00000|  0%| F|  |TAMS 0x0000000086d00000, 0x0000000086d00000| Untracked 
|  46|0x0000000086e00000, 0x0000000086e00000, 0x0000000086f00000|  0%| F|  |TAMS 0x0000000086e00000, 0x0000000086e00000| Untracked 
|  47|0x0000000086f00000, 0x0000000086f00000, 0x0000000087000000|  0%| F|  |TAMS 0x0000000086f00000, 0x0000000086f00000| Untracked 
|  48|0x0000000087000000, 0x0000000087000000, 0x0000000087100000|  0%| F|  |TAMS 0x0000000087000000, 0x0000000087000000| Untracked 
|  49|0x0000000087100000, 0x0000000087100000, 0x0000000087200000|  0%| F|  |TAMS 0x0000000087100000, 0x0000000087100000| Untracked 
|  50|0x0000000087200000, 0x0000000087200000, 0x0000000087300000|  0%| F|  |TAMS 0x0000000087200000, 0x0000000087200000| Untracked 
|  51|0x0000000087300000, 0x0000000087300000, 0x0000000087400000|  0%| F|  |TAMS 0x0000000087300000, 0x0000000087300000| Untracked 
|  52|0x0000000087400000, 0x0000000087400000, 0x0000000087500000|  0%| F|  |TAMS 0x0000000087400000, 0x0000000087400000| Untracked 
|  53|0x0000000087500000, 0x0000000087500000, 0x0000000087600000|  0%| F|  |TAMS 0x0000000087500000, 0x0000000087500000| Untracked 
|  54|0x0000000087600000, 0x0000000087600000, 0x0000000087700000|  0%| F|  |TAMS 0x0000000087600000, 0x0000000087600000| Untracked 
|  55|0x0000000087700000, 0x0000000087700000, 0x0000000087800000|  0%| F|  |TAMS 0x0000000087700000, 0x0000000087700000| Untracked 
|  56|0x0000000087800000, 0x0000000087800000, 0x0000000087900000|  0%| F|  |TAMS 0x0000000087800000, 0x0000000087800000| Untracked 
|  57|0x0000000087900000, 0x0000000087900000, 0x0000000087a00000|  0%| F|  |TAMS 0x0000000087900000, 0x0000000087900000| Untracked 
|  58|0x0000000087a00000, 0x0000000087a00000, 0x0000000087b00000|  0%| F|  |TAMS 0x0000000087a00000, 0x0000000087a00000| Untracked 
|  59|0x0000000087b00000, 0x0000000087b00000, 0x0000000087c00000|  0%| F|  |TAMS 0x0000000087b00000, 0x0000000087b00000| Untracked 
|  60|0x0000000087c00000, 0x0000000087c00000, 0x0000000087d00000|  0%| F|  |TAMS 0x0000000087c00000, 0x0000000087c00000| Untracked 
|  61|0x0000000087d00000, 0x0000000087d00000, 0x0000000087e00000|  0%| F|  |TAMS 0x0000000087d00000, 0x0000000087d00000| Untracked 
|  62|0x0000000087e00000, 0x0000000087e00000, 0x0000000087f00000|  0%| F|  |TAMS 0x0000000087e00000, 0x0000000087e00000| Untracked 
|  63|0x0000000087f00000, 0x0000000087f00000, 0x0000000088000000|  0%| F|  |TAMS 0x0000000087f00000, 0x0000000087f00000| Untracked 
|  64|0x0000000088000000, 0x0000000088000000, 0x0000000088100000|  0%| F|  |TAMS 0x0000000088000000, 0x0000000088000000| Untracked 
|  65|0x0000000088100000, 0x0000000088100000, 0x0000000088200000|  0%| F|  |TAMS 0x0000000088100000, 0x0000000088100000| Untracked 
|  66|0x0000000088200000, 0x0000000088200000, 0x0000000088300000|  0%| F|  |TAMS 0x0000000088200000, 0x0000000088200000| Untracked 
|  67|0x0000000088300000, 0x0000000088300000, 0x0000000088400000|  0%| F|  |TAMS 0x0000000088300000, 0x0000000088300000| Untracked 
|  68|0x0000000088400000, 0x0000000088400000, 0x0000000088500000|  0%| F|  |TAMS 0x0000000088400000, 0x0000000088400000| Untracked 
|  69|0x0000000088500000, 0x0000000088500000, 0x0000000088600000|  0%| F|  |TAMS 0x0000000088500000, 0x0000000088500000| Untracked 
|  70|0x0000000088600000, 0x0000000088600000, 0x0000000088700000|  0%| F|  |TAMS 0x0000000088600000, 0x0000000088600000| Untracked 
|  71|0x0000000088700000, 0x0000000088700000, 0x0000000088800000|  0%| F|  |TAMS 0x0000000088700000, 0x0000000088700000| Untracked 
|  72|0x0000000088800000, 0x0000000088800000, 0x0000000088900000|  0%| F|  |TAMS 0x0000000088800000, 0x0000000088800000| Untracked 
|  73|0x0000000088900000, 0x0000000088900000, 0x0000000088a00000|  0%| F|  |TAMS 0x0000000088900000, 0x0000000088900000| Untracked 
|  74|0x0000000088a00000, 0x0000000088a00000, 0x0000000088b00000|  0%| F|  |TAMS 0x0000000088a00000, 0x0000000088a00000| Untracked 
|  75|0x0000000088b00000, 0x0000000088b00000, 0x0000000088c00000|  0%| F|  |TAMS 0x0000000088b00000, 0x0000000088b00000| Untracked 
|  76|0x0000000088c00000, 0x0000000088c00000, 0x0000000088d00000|  0%| F|  |TAMS 0x0000000088c00000, 0x0000000088c00000| Untracked 
|  77|0x0000000088d00000, 0x0000000088d00000, 0x0000000088e00000|  0%| F|  |TAMS 0x0000000088d00000, 0x0000000088d00000| Untracked 
|  78|0x0000000088e00000, 0x0000000088e00000, 0x0000000088f00000|  0%| F|  |TAMS 0x0000000088e00000, 0x0000000088e00000| Untracked 
|  79|0x0000000088f00000, 0x0000000088f00000, 0x0000000089000000|  0%| F|  |TAMS 0x0000000088f00000, 0x0000000088f00000| Untracked 
|  80|0x0000000089000000, 0x0000000089000000, 0x0000000089100000|  0%| F|  |TAMS 0x0000000089000000, 0x0000000089000000| Untracked 
|  81|0x0000000089100000, 0x0000000089100000, 0x0000000089200000|  0%| F|  |TAMS 0x0000000089100000, 0x0000000089100000| Untracked 
|  82|0x0000000089200000, 0x0000000089200000, 0x0000000089300000|  0%| F|  |TAMS 0x0000000089200000, 0x0000000089200000| Untracked 
|  83|0x0000000089300000, 0x0000000089300000, 0x0000000089400000|  0%| F|  |TAMS 0x0000000089300000, 0x0000000089300000| Untracked 
|  84|0x0000000089400000, 0x0000000089400000, 0x0000000089500000|  0%| F|  |TAMS 0x0000000089400000, 0x0000000089400000| Untracked 
|  85|0x0000000089500000, 0x0000000089500000, 0x0000000089600000|  0%| F|  |TAMS 0x0000000089500000, 0x0000000089500000| Untracked 
|  86|0x0000000089600000, 0x0000000089600000, 0x0000000089700000|  0%| F|  |TAMS 0x0000000089600000, 0x0000000089600000| Untracked 
|  87|0x0000000089700000, 0x0000000089700000, 0x0000000089800000|  0%| F|  |TAMS 0x0000000089700000, 0x0000000089700000| Untracked 
|  88|0x0000000089800000, 0x0000000089800000, 0x0000000089900000|  0%| F|  |TAMS 0x0000000089800000, 0x0000000089800000| Untracked 
|  89|0x0000000089900000, 0x0000000089900000, 0x0000000089a00000|  0%| F|  |TAMS 0x0000000089900000, 0x0000000089900000| Untracked 
|  90|0x0000000089a00000, 0x0000000089a00000, 0x0000000089b00000|  0%| F|  |TAMS 0x0000000089a00000, 0x0000000089a00000| Untracked 
|  91|0x0000000089b00000, 0x0000000089b00000, 0x0000000089c00000|  0%| F|  |TAMS 0x0000000089b00000, 0x0000000089b00000| Untracked 
|  92|0x0000000089c00000, 0x0000000089c00000, 0x0000000089d00000|  0%| F|  |TAMS 0x0000000089c00000, 0x0000000089c00000| Untracked 
|  93|0x0000000089d00000, 0x0000000089d00000, 0x0000000089e00000|  0%| F|  |TAMS 0x0000000089d00000, 0x0000000089d00000| Untracked 
|  94|0x0000000089e00000, 0x0000000089e00000, 0x0000000089f00000|  0%| F|  |TAMS 0x0000000089e00000, 0x0000000089e00000| Untracked 
|  95|0x0000000089f00000, 0x0000000089f00000, 0x000000008a000000|  0%| F|  |TAMS 0x0000000089f00000, 0x0000000089f00000| Untracked 
|  96|0x000000008a000000, 0x000000008a000000, 0x000000008a100000|  0%| F|  |TAMS 0x000000008a000000, 0x000000008a000000| Untracked 
|  97|0x000000008a100000, 0x000000008a100000, 0x000000008a200000|  0%| F|  |TAMS 0x000000008a100000, 0x000000008a100000| Untracked 
|  98|0x000000008a200000, 0x000000008a200000, 0x000000008a300000|  0%| F|  |TAMS 0x000000008a200000, 0x000000008a200000| Untracked 
|  99|0x000000008a300000, 0x000000008a300000, 0x000000008a400000|  0%| F|  |TAMS 0x000000008a300000, 0x000000008a300000| Untracked 
| 100|0x000000008a400000, 0x000000008a400000, 0x000000008a500000|  0%| F|  |TAMS 0x000000008a400000, 0x000000008a400000| Untracked 
| 101|0x000000008a500000, 0x000000008a500000, 0x000000008a600000|  0%| F|  |TAMS 0x000000008a500000, 0x000000008a500000| Untracked 
| 102|0x000000008a600000, 0x000000008a600000, 0x000000008a700000|  0%| F|  |TAMS 0x000000008a600000, 0x000000008a600000| Untracked 
| 103|0x000000008a700000, 0x000000008a700000, 0x000000008a800000|  0%| F|  |TAMS 0x000000008a700000, 0x000000008a700000| Untracked 
| 104|0x000000008a800000, 0x000000008a800000, 0x000000008a900000|  0%| F|  |TAMS 0x000000008a800000, 0x000000008a800000| Untracked 
| 105|0x000000008a900000, 0x000000008a900000, 0x000000008aa00000|  0%| F|  |TAMS 0x000000008a900000, 0x000000008a900000| Untracked 
| 106|0x000000008aa00000, 0x000000008aa00000, 0x000000008ab00000|  0%| F|  |TAMS 0x000000008aa00000, 0x000000008aa00000| Untracked 
| 107|0x000000008ab00000, 0x000000008ab00000, 0x000000008ac00000|  0%| F|  |TAMS 0x000000008ab00000, 0x000000008ab00000| Untracked 
| 108|0x000000008ac00000, 0x000000008ac00000, 0x000000008ad00000|  0%| F|  |TAMS 0x000000008ac00000, 0x000000008ac00000| Untracked 
| 109|0x000000008ad00000, 0x000000008ad00000, 0x000000008ae00000|  0%| F|  |TAMS 0x000000008ad00000, 0x000000008ad00000| Untracked 
| 110|0x000000008ae00000, 0x000000008ae00000, 0x000000008af00000|  0%| F|  |TAMS 0x000000008ae00000, 0x000000008ae00000| Untracked 
| 111|0x000000008af00000, 0x000000008af00000, 0x000000008b000000|  0%| F|  |TAMS 0x000000008af00000, 0x000000008af00000| Untracked 
| 112|0x000000008b000000, 0x000000008b100000, 0x000000008b100000|100%| S|CS|TAMS 0x000000008b000000, 0x000000008b000000| Complete 
| 113|0x000000008b100000, 0x000000008b200000, 0x000000008b200000|100%| S|CS|TAMS 0x000000008b100000, 0x000000008b100000| Complete 
| 114|0x000000008b200000, 0x000000008b200000, 0x000000008b300000|  0%| F|  |TAMS 0x000000008b200000, 0x000000008b200000| Untracked 
| 115|0x000000008b300000, 0x000000008b300000, 0x000000008b400000|  0%| F|  |TAMS 0x000000008b300000, 0x000000008b300000| Untracked 
| 116|0x000000008b400000, 0x000000008b400000, 0x000000008b500000|  0%| F|  |TAMS 0x000000008b400000, 0x000000008b400000| Untracked 
| 117|0x000000008b500000, 0x000000008b500000, 0x000000008b600000|  0%| F|  |TAMS 0x000000008b500000, 0x000000008b500000| Untracked 
| 118|0x000000008b600000, 0x000000008b600000, 0x000000008b700000|  0%| F|  |TAMS 0x000000008b600000, 0x000000008b600000| Untracked 
| 119|0x000000008b700000, 0x000000008b700000, 0x000000008b800000|  0%| F|  |TAMS 0x000000008b700000, 0x000000008b700000| Untracked 
| 120|0x000000008b800000, 0x000000008b800800, 0x000000008b900000|  0%| E|  |TAMS 0x000000008b800000, 0x000000008b800000| Complete 
| 121|0x000000008b900000, 0x000000008ba00000, 0x000000008ba00000|100%| E|CS|TAMS 0x000000008b900000, 0x000000008b900000| Complete 
| 122|0x000000008ba00000, 0x000000008bb00000, 0x000000008bb00000|100%| E|CS|TAMS 0x000000008ba00000, 0x000000008ba00000| Complete 
| 123|0x000000008bb00000, 0x000000008bc00000, 0x000000008bc00000|100%| E|CS|TAMS 0x000000008bb00000, 0x000000008bb00000| Complete 

Card table byte_map: [0x0000019dfea60000,0x0000019dfee40000] _byte_map_base: 0x0000019dfe640000

Marking Bits (Prev, Next): (CMBitMap*) 0x0000019dfe60a540, (CMBitMap*) 0x0000019dfe60a580
 Prev Bits: [0x0000019d96a10000, 0x0000019d98910000)
 Next Bits: [0x0000019d98910000, 0x0000019d9a810000)

Polling page: 0x0000019dfc570000

Metaspace:

Usage:
  Non-class:     14.98 MB used.
      Class:      1.99 MB used.
       Both:     16.97 MB used.

Virtual space:
  Non-class space:       16.00 MB reserved,      15.12 MB ( 95%) committed,  2 nodes.
      Class space:        1.00 GB reserved,       2.06 MB ( <1%) committed,  1 nodes.
             Both:        1.02 GB reserved,      17.19 MB (  2%) committed. 

Chunk freelists:
   Non-Class:  501.00 KB
       Class:  1.75 MB
        Both:  2.24 MB

MaxMetaspaceSize: unlimited
CompressedClassSpaceSize: 1.00 GB
Initial GC threshold: 21.00 MB
Current GC threshold: 21.00 MB
CDS: on
MetaspaceReclaimPolicy: balanced
 - commit_granule_bytes: 65536.
 - commit_granule_words: 8192.
 - virtual_space_node_default_size: 1048576.
 - enlarge_chunks_in_place: 1.
 - new_chunks_are_fully_committed: 0.
 - uncommit_free_chunks: 1.
 - use_allocation_guard: 0.
 - handle_deallocations: 1.


Internal statistics:

num_allocs_failed_limit: 0.
num_arena_births: 156.
num_arena_deaths: 0.
num_vsnodes_births: 3.
num_vsnodes_deaths: 0.
num_space_committed: 275.
num_space_uncommitted: 0.
num_chunks_returned_to_freelist: 0.
num_chunks_taken_from_freelist: 367.
num_chunk_merges: 0.
num_chunk_splits: 214.
num_chunks_enlarged: 115.
num_purges: 0.
num_inconsistent_stats: 0.

CodeHeap 'non-profiled nmethods': size=120000Kb used=699Kb max_used=699Kb free=119300Kb
 bounds [0x0000019d8f4e0000, 0x0000019d8f750000, 0x0000019d96a10000]
CodeHeap 'profiled nmethods': size=120000Kb used=3273Kb max_used=3273Kb free=116726Kb
 bounds [0x0000019d87fb0000, 0x0000019d882f0000, 0x0000019d8f4e0000]
CodeHeap 'non-nmethods': size=5760Kb used=1368Kb max_used=1399Kb free=4391Kb
 bounds [0x0000019d87a10000, 0x0000019d87c80000, 0x0000019d87fb0000]
 total_blobs=2531 nmethods=1831 adapters=612
 compilation: enabled
              stopped_count=0, restarted_count=0
 full_count=0

Compilation events (20 events):
Event: 9111.063 Thread 0x0000019dff6db8b0 nmethod 1822 0x0000019d882df610 code [0x0000019d882df8c0, 0x0000019d882e0b18]
Event: 10383.420 Thread 0x0000019dff6d8e00 1823       4       java.lang.String::regionMatches (150 bytes)
Event: 10383.437 Thread 0x0000019dff6d8e00 nmethod 1823 0x0000019d8f58af10 code [0x0000019d8f58b0e0, 0x0000019d8f58b798]
Event: 10910.109 Thread 0x0000019dff6d8e00 1824       4       java.util.HashMap::put (13 bytes)
Event: 10910.129 Thread 0x0000019dff6d8e00 nmethod 1824 0x0000019d8f58bd10 code [0x0000019d8f58bf20, 0x0000019d8f58ca40]
Event: 10910.627 Thread 0x0000019dff6db8b0 1825   !   3       java.awt.Toolkit::setDesktopProperty (81 bytes)
Event: 10910.629 Thread 0x0000019dff6db8b0 nmethod 1825 0x0000019d882e1010 code [0x0000019d882e1220, 0x0000019d882e1a68]
Event: 10910.629 Thread 0x0000019dff6d8e00 1826       4       jdk.internal.logger.SurrogateLogger::defaultPlatformLevel (4 bytes)
Event: 10910.630 Thread 0x0000019dff6d8e00 nmethod 1826 0x0000019d8f58d190 code [0x0000019d8f58d300, 0x0000019d8f58d378]
Event: 22778.957 Thread 0x0000019dff6d8e00 1828       4       java.util.HashMap::getNode (150 bytes)
Event: 22778.961 Thread 0x0000019dff6d8e00 nmethod 1828 0x0000019d8f58d890 code [0x0000019d8f58da20, 0x0000019d8f58dd38]
Event: 22778.961 Thread 0x0000019dff6d8e00 1829       4       java.util.HashMap::hash (20 bytes)
Event: 22778.962 Thread 0x0000019dff6db8b0 1830       3       java.awt.Color::equals (27 bytes)
Event: 22778.962 Thread 0x0000019dff6d8e00 nmethod 1829 0x0000019d8f58df90 code [0x0000019d8f58e100, 0x0000019d8f58e1d8]
Event: 22778.963 Thread 0x0000019dff6db8b0 nmethod 1830 0x0000019d882e1d10 code [0x0000019d882e1ec0, 0x0000019d882e2398]
Event: 50139.265 Thread 0x0000019dff6d8e00 1831       4       java.lang.ref.ReferenceQueue::reallyPoll (65 bytes)
Event: 50139.270 Thread 0x0000019dff6d8e00 nmethod 1831 0x0000019d8f58e290 code [0x0000019d8f58e420, 0x0000019d8f58e718]
Event: 52057.610 Thread 0x0000019dff6d8e00 1832       4       java.util.HashMap::get (19 bytes)
Event: 52057.627 Thread 0x0000019dff6d8e00 nmethod 1832 0x0000019d8f58e790 code [0x0000019d8f58e920, 0x0000019d8f58ec38]
Event: 52212.895 Thread 0x0000019dff6d8e00 1833   !   4       java.net.URL::<init> (543 bytes)

GC Heap History (4 events):
Event: 0.422 GC heap before
{Heap before GC invocations=0 (full 0):
 garbage-first heap   total 126976K, used 15360K [0x0000000084000000, 0x0000000100000000)
  region size 1024K, 13 young (13312K), 0 survivors (0K)
 Metaspace       used 7079K, committed 7296K, reserved 1056768K
  class space    used 734K, committed 832K, reserved 1048576K
}
Event: 0.426 GC heap after
{Heap after GC invocations=1 (full 0):
 garbage-first heap   total 126976K, used 5986K [0x0000000084000000, 0x0000000100000000)
  region size 1024K, 2 young (2048K), 2 survivors (2048K)
 Metaspace       used 7079K, committed 7296K, reserved 1056768K
  class space    used 734K, committed 832K, reserved 1048576K
}
Event: 846.603 GC heap before
{Heap before GC invocations=1 (full 0):
 garbage-first heap   total 126976K, used 18274K [0x0000000084000000, 0x0000000100000000)
  region size 1024K, 12 young (12288K), 2 survivors (2048K)
 Metaspace       used 17357K, committed 17600K, reserved 1064960K
  class space    used 2032K, committed 2112K, reserved 1048576K
}
Event: 846.611 GC heap after
{Heap after GC invocations=2 (full 0):
 garbage-first heap   total 126976K, used 9872K [0x0000000084000000, 0x0000000100000000)
  region size 1024K, 2 young (2048K), 2 survivors (2048K)
 Metaspace       used 17357K, committed 17600K, reserved 1064960K
  class space    used 2032K, committed 2112K, reserved 1048576K
}

Deoptimization events (20 events):
Event: 0.946 Thread 0x0000019dfe5b0ee0 DEOPT PACKING pc=0x0000019d8f50a540 sp=0x0000004e3e7fd2b0
Event: 0.946 Thread 0x0000019dfe5b0ee0 DEOPT UNPACKING pc=0x0000019d87a65c23 sp=0x0000004e3e7fd230 mode 2
Event: 0.949 Thread 0x0000019dfe5b0ee0 DEOPT PACKING pc=0x0000019d880e263e sp=0x0000004e3e7fd360
Event: 0.949 Thread 0x0000019dfe5b0ee0 DEOPT UNPACKING pc=0x0000019d87a66763 sp=0x0000004e3e7fc800 mode 0
Event: 0.953 Thread 0x0000019dfe5b0ee0 Uncommon trap: trap_request=0xffffff76 fr.pc=0x0000019d8f5516f4 relative=0x0000000000000694
Event: 0.953 Thread 0x0000019dfe5b0ee0 Uncommon trap: reason=predicate action=maybe_recompile pc=0x0000019d8f5516f4 method=java.util.TreeMap.getEntryUsingComparator(Ljava/lang/Object;)Ljava/util/TreeMap$Entry; @ 19 c2
Event: 0.953 Thread 0x0000019dfe5b0ee0 DEOPT PACKING pc=0x0000019d8f5516f4 sp=0x0000004e3e7fd5a0
Event: 0.953 Thread 0x0000019dfe5b0ee0 DEOPT UNPACKING pc=0x0000019d87a65c23 sp=0x0000004e3e7fd540 mode 2
Event: 9111.047 Thread 0x0000019d9e409750 Uncommon trap: trap_request=0xffffffde fr.pc=0x0000019d8f54a76c relative=0x000000000000094c
Event: 9111.047 Thread 0x0000019d9e409750 Uncommon trap: reason=class_check action=maybe_recompile pc=0x0000019d8f54a76c method=java.util.HashMap.putVal(ILjava/lang/Object;Ljava/lang/Object;ZZ)Ljava/lang/Object; @ 203 c2
Event: 9111.047 Thread 0x0000019d9e409750 DEOPT PACKING pc=0x0000019d8f54a76c sp=0x0000004e404fef50
Event: 9111.049 Thread 0x0000019d9e409750 DEOPT UNPACKING pc=0x0000019d87a65c23 sp=0x0000004e404fee88 mode 2
Event: 9111.051 Thread 0x0000019d9e409750 Uncommon trap: trap_request=0xffffffde fr.pc=0x0000019d8f54a76c relative=0x000000000000094c
Event: 9111.051 Thread 0x0000019d9e409750 Uncommon trap: reason=class_check action=maybe_recompile pc=0x0000019d8f54a76c method=java.util.HashMap.putVal(ILjava/lang/Object;Ljava/lang/Object;ZZ)Ljava/lang/Object; @ 203 c2
Event: 9111.051 Thread 0x0000019d9e409750 DEOPT PACKING pc=0x0000019d8f54a76c sp=0x0000004e404fef50
Event: 9111.051 Thread 0x0000019d9e409750 DEOPT UNPACKING pc=0x0000019d87a65c23 sp=0x0000004e404fee88 mode 2
Event: 9111.051 Thread 0x0000019d9e409750 Uncommon trap: trap_request=0xffffffde fr.pc=0x0000019d8f547d1c relative=0x000000000000091c
Event: 9111.051 Thread 0x0000019d9e409750 Uncommon trap: reason=class_check action=maybe_recompile pc=0x0000019d8f547d1c method=java.util.HashMap.putVal(ILjava/lang/Object;Ljava/lang/Object;ZZ)Ljava/lang/Object; @ 203 c2
Event: 9111.051 Thread 0x0000019d9e409750 DEOPT PACKING pc=0x0000019d8f547d1c sp=0x0000004e404feeb0
Event: 9111.051 Thread 0x0000019d9e409750 DEOPT UNPACKING pc=0x0000019d87a65c23 sp=0x0000004e404fee80 mode 2

Classes unloaded (0 events):
No events

Classes redefined (0 events):
No events

Internal exceptions (20 events):
Event: 0.175 Thread 0x0000019dfe5b0ee0 Exception <a 'java/lang/NoSuchMethodError'{0x000000008b8857a8}: 'java.lang.Object java.lang.invoke.DirectMethodHandle$Holder.newInvokeSpecial(java.lang.Object, java.lang.Object, java.lang.Object, java.lang.Object, java.lang.Object)'> (0x000000008b8857a8) 
thrown [s\src\hotspot\share\interpreter\linkResolver.cpp, line 759]
Event: 0.176 Thread 0x0000019dfe5b0ee0 Exception <a 'java/lang/NoSuchMethodError'{0x000000008b891418}: 'java.lang.Object java.lang.invoke.DirectMethodHandle$Holder.invokeStatic(java.lang.Object, int, java.lang.Object, java.lang.Object, java.lang.Object, java.lang.Object)'> (0x000000008b891418) 
thrown [s\src\hotspot\share\interpreter\linkResolver.cpp, line 759]
Event: 0.179 Thread 0x0000019dfe5b0ee0 Exception <a 'java/lang/NoSuchMethodError'{0x000000008b8b6bd8}: 'java.lang.Object java.lang.invoke.DirectMethodHandle$Holder.invokeStatic(java.lang.Object, int, java.lang.Object)'> (0x000000008b8b6bd8) 
thrown [s\src\hotspot\share\interpreter\linkResolver.cpp, line 759]
Event: 0.199 Thread 0x0000019dfe5b0ee0 Exception <a 'java/lang/ClassNotFoundException'{0x000000008b76f4d0}: com/sun/swing/internal/plaf/metal/resources/spi/metalProvider> (0x000000008b76f4d0) 
thrown [s\src\hotspot\share\classfile\systemDictionary.cpp, line 256]
Event: 0.201 Thread 0x0000019dfe5b0ee0 Exception <a 'java/lang/ClassNotFoundException'{0x000000008b773378}: com/sun/swing/internal/plaf/basic/resources/spi/basicProvider> (0x000000008b773378) 
thrown [s\src\hotspot\share\classfile\systemDictionary.cpp, line 256]
Event: 0.257 Thread 0x0000019d9d740db0 Exception <a 'java/lang/NoSuchMethodError'{0x000000008b5431b8}: 'java.lang.Object java.lang.invoke.DirectMethodHandle$Holder.newInvokeSpecial(java.lang.Object, java.lang.Object, java.lang.Object, int, int, int, int, int)'> (0x000000008b5431b8) 
thrown [s\src\hotspot\share\interpreter\linkResolver.cpp, line 759]
Event: 0.309 Thread 0x0000019dfe5b0ee0 Exception <a 'java/lang/NoSuchMethodError'{0x000000008b265668}: 'java.lang.Object java.lang.invoke.DirectMethodHandle$Holder.invokeInterface(java.lang.Object, java.lang.Object)'> (0x000000008b265668) 
thrown [s\src\hotspot\share\interpreter\linkResolver.cpp, line 759]
Event: 0.329 Thread 0x0000019dfe5b0ee0 Exception <a 'java/lang/NoSuchMethodError'{0x000000008b2e5878}: 'void java.lang.invoke.DirectMethodHandle$Holder.invokeStatic(java.lang.Object, java.lang.Object, java.lang.Object)'> (0x000000008b2e5878) 
thrown [s\src\hotspot\share\interpreter\linkResolver.cpp, line 759]
Event: 0.330 Thread 0x0000019dfe5b0ee0 Exception <a 'java/lang/NoSuchMethodError'{0x000000008b2ef748}: 'java.lang.Object java.lang.invoke.DirectMethodHandle$Holder.invokeVirtual(java.lang.Object, java.lang.Object, java.lang.Object)'> (0x000000008b2ef748) 
thrown [s\src\hotspot\share\interpreter\linkResolver.cpp, line 759]
Event: 0.419 Thread 0x0000019dfe5b0ee0 Exception <a 'java/lang/NoSuchMethodError'{0x000000008aff5240}: 'void java.lang.invoke.DirectMethodHandle$Holder.invokeStatic(java.lang.Object, java.lang.Object)'> (0x000000008aff5240) 
thrown [s\src\hotspot\share\interpreter\linkResolver.cpp, line 759]
Event: 0.489 Thread 0x0000019dfe5b0ee0 Exception <a 'java/lang/NoSuchMethodError'{0x000000008bab12b8}: 'void java.lang.invoke.DirectMethodHandle$Holder.invokeStaticInit(java.lang.Object, java.lang.Object)'> (0x000000008bab12b8) 
thrown [s\src\hotspot\share\interpreter\linkResolver.cpp, line 759]
Event: 0.559 Thread 0x0000019dfe5b0ee0 Exception <a 'sun/nio/fs/WindowsException'{0x000000008b9e2bc8}> (0x000000008b9e2bc8) 
thrown [s\src\hotspot\share\prims\jni.cpp, line 516]
Event: 0.571 Thread 0x0000019dfe5b0ee0 Exception <a 'java/lang/NoSuchMethodError'{0x000000008b807e30}: 'int java.lang.invoke.DirectMethodHandle$Holder.invokeStaticInit(java.lang.Object, java.lang.Object, java.lang.Object, java.lang.Object)'> (0x000000008b807e30) 
thrown [s\src\hotspot\share\interpreter\linkResolver.cpp, line 759]
Event: 0.572 Thread 0x0000019dfe5b0ee0 Exception <a 'java/lang/IncompatibleClassChangeError'{0x000000008b811018}: Found class java.lang.Object, but interface was expected> (0x000000008b811018) 
thrown [s\src\hotspot\share\interpreter\linkResolver.cpp, line 826]
Event: 0.573 Thread 0x0000019dfe5b0ee0 Exception <a 'java/lang/NoSuchMethodError'{0x000000008b816620}: 'int java.lang.invoke.DirectMethodHandle$Holder.invokeStaticInit(java.lang.Object, java.lang.Object)'> (0x000000008b816620) 
thrown [s\src\hotspot\share\interpreter\linkResolver.cpp, line 759]
Event: 0.625 Thread 0x0000019dfe5b0ee0 Exception <a 'java/lang/NoSuchMethodError'{0x000000008b7679e0}: 'java.lang.Object java.lang.invoke.DirectMethodHandle$Holder.invokeStaticInit(java.lang.Object, int, int, int, int)'> (0x000000008b7679e0) 
thrown [s\src\hotspot\share\interpreter\linkResolver.cpp, line 759]
Event: 0.671 Thread 0x0000019dfe5b0ee0 Exception <a 'java/lang/NoSuchMethodError'{0x000000008b637c28}: 'java.lang.Object java.lang.invoke.DirectMethodHandle$Holder.invokeStaticInit(java.lang.Object, java.lang.Object, int, int, int, int)'> (0x000000008b637c28) 
thrown [s\src\hotspot\share\interpreter\linkResolver.cpp, line 759]
Event: 0.879 Thread 0x0000019dfe5b0ee0 Implicit null exception at 0x0000019d8f4ed38f to 0x0000019d8f4ed409
Event: 0.935 Thread 0x0000019dfe5b0ee0 Exception <a 'java/lang/NoSuchMethodError'{0x000000008b3f7f20}: 'void java.lang.invoke.DirectMethodHandle$Holder.invokeStaticInit(java.lang.Object)'> (0x000000008b3f7f20) 
thrown [s\src\hotspot\share\interpreter\linkResolver.cpp, line 759]
Event: 1.004 Thread 0x0000019d9d700570 Exception <a 'java/lang/NoSuchMethodError'{0x000000008b3de400}: 'void java.lang.invoke.DirectMethodHandle$Holder.invokeVirtual(java.lang.Object, java.lang.Object)'> (0x000000008b3de400) 
thrown [s\src\hotspot\share\interpreter\linkResolver.cpp, line 759]

VM Operations (20 events):
Event: 2.012 Executing VM operation: Cleanup
Event: 2.012 Executing VM operation: Cleanup done
Event: 3.019 Executing VM operation: Cleanup
Event: 3.019 Executing VM operation: Cleanup done
Event: 616.571 Executing VM operation: Cleanup
Event: 616.571 Executing VM operation: Cleanup done
Event: 846.603 Executing VM operation: G1CollectForAllocation
Event: 846.611 Executing VM operation: G1CollectForAllocation done
Event: 1042.157 Executing VM operation: Cleanup
Event: 1042.157 Executing VM operation: Cleanup done
Event: 8444.699 Executing VM operation: Cleanup
Event: 8444.702 Executing VM operation: Cleanup done
Event: 9111.711 Executing VM operation: Cleanup
Event: 9111.711 Executing VM operation: Cleanup done
Event: 10911.026 Executing VM operation: Cleanup
Event: 10911.026 Executing VM operation: Cleanup done
Event: 22779.517 Executing VM operation: Cleanup
Event: 22779.517 Executing VM operation: Cleanup done
Event: 52063.265 Executing VM operation: Cleanup
Event: 52063.266 Executing VM operation: Cleanup done

Events (20 events):
Event: 1.059 loading class java/awt/Container$MouseEventTargetFilter
Event: 1.059 loading class java/awt/Container$EventTargetFilter
Event: 1.059 loading class java/awt/Container$EventTargetFilter done
Event: 1.059 loading class java/awt/Container$MouseEventTargetFilter done
Event: 1.059 loading class java/awt/LightweightDispatcher$1
Event: 1.059 loading class java/awt/LightweightDispatcher$1 done
Event: 1.059 loading class java/awt/event/MouseWheelEvent
Event: 1.059 loading class java/awt/event/MouseWheelEvent done
Event: 2.472 Thread 0x0000019d9d7e6480 Thread exited: 0x0000019d9d7e6480
Event: 2.633 loading class java/awt/LightweightDispatcher$2
Event: 2.633 loading class java/awt/LightweightDispatcher$2 done
Event: 4.372 loading class java/awt/KeyboardFocusManager$2
Event: 4.372 loading class java/awt/KeyboardFocusManager$2 done
Event: 4.372 loading class sun/awt/SunToolkit$1
Event: 4.373 loading class sun/awt/SunToolkit$1 done
Event: 5.283 Thread 0x0000019d9d740db0 Thread exited: 0x0000019d9d740db0
Event: 22780.529 loading class java/awt/desktop/SystemSleepListener
Event: 22780.540 loading class java/awt/desktop/SystemEventListener
Event: 22780.541 loading class java/awt/desktop/SystemEventListener done
Event: 22780.541 loading class java/awt/desktop/SystemSleepListener done


Dynamic libraries:
0x00007ff79f410000 - 0x00007ff79f41e000 	C:\Users\My Pc\AppData\Local\Programs\Eclipse Adoptium\jdk-17.0.4.101-hotspot\bin\java.exe
0x00007ffde6db0000 - 0x00007ffde6fc6000 	C:\WINDOWS\SYSTEM32\ntdll.dll
0x00007ffde57b0000 - 0x00007ffde5874000 	C:\WINDOWS\System32\KERNEL32.DLL
0x00007ffde40d0000 - 0x00007ffde4477000 	C:\WINDOWS\System32\KERNELBASE.dll
0x00007ffde4910000 - 0x00007ffde4a21000 	C:\WINDOWS\System32\ucrtbase.dll
0x00007ffdcb480000 - 0x00007ffdcb499000 	C:\Users\My Pc\AppData\Local\Programs\Eclipse Adoptium\jdk-17.0.4.101-hotspot\bin\VCRUNTIME140.dll
0x00007ffdcd230000 - 0x00007ffdcd248000 	C:\Users\My Pc\AppData\Local\Programs\Eclipse Adoptium\jdk-17.0.4.101-hotspot\bin\jli.dll
0x00007ffde53b0000 - 0x00007ffde555e000 	C:\WINDOWS\System32\USER32.dll
0x00007ffde4780000 - 0x00007ffde47a6000 	C:\WINDOWS\System32\win32u.dll
0x00007ffdcd510000 - 0x00007ffdcd7a3000 	C:\WINDOWS\WinSxS\amd64_microsoft.windows.common-controls_6595b64144ccf1df_6.0.22621.3235_none_270f74e173860f98\COMCTL32.dll
0x00007ffde4f40000 - 0x00007ffde4f69000 	C:\WINDOWS\System32\GDI32.dll
0x00007ffde4480000 - 0x00007ffde4599000 	C:\WINDOWS\System32\gdi32full.dll
0x00007ffde4d00000 - 0x00007ffde4da7000 	C:\WINDOWS\System32\msvcrt.dll
0x00007ffde47b0000 - 0x00007ffde484a000 	C:\WINDOWS\System32\msvcp_win.dll
0x00007ffde4e70000 - 0x00007ffde4ea1000 	C:\WINDOWS\System32\IMM32.DLL
0x00007ffdd28a0000 - 0x00007ffdd28ac000 	C:\Users\My Pc\AppData\Local\Programs\Eclipse Adoptium\jdk-17.0.4.101-hotspot\bin\vcruntime140_1.dll
0x00007ffdace00000 - 0x00007ffdace91000 	C:\Users\My Pc\AppData\Local\Programs\Eclipse Adoptium\jdk-17.0.4.101-hotspot\bin\msvcp140.dll
0x00007ffda0070000 - 0x00007ffda0cb6000 	C:\Users\My Pc\AppData\Local\Programs\Eclipse Adoptium\jdk-17.0.4.101-hotspot\bin\server\jvm.dll
0x00007ffde4db0000 - 0x00007ffde4e62000 	C:\WINDOWS\System32\ADVAPI32.dll
0x00007ffde4b90000 - 0x00007ffde4c38000 	C:\WINDOWS\System32\sechost.dll
0x00007ffde4ab0000 - 0x00007ffde4ad8000 	C:\WINDOWS\System32\bcrypt.dll
0x00007ffde6bf0000 - 0x00007ffde6d05000 	C:\WINDOWS\System32\RPCRT4.dll
0x00007ffde4f30000 - 0x00007ffde4f38000 	C:\WINDOWS\System32\PSAPI.DLL
0x00007ffddc070000 - 0x00007ffddc07a000 	C:\WINDOWS\SYSTEM32\VERSION.dll
0x00007ffdd99e0000 - 0x00007ffdd9a14000 	C:\WINDOWS\SYSTEM32\WINMM.dll
0x00007ffdc10a0000 - 0x00007ffdc10a9000 	C:\WINDOWS\SYSTEM32\WSOCK32.dll
0x00007ffde66f0000 - 0x00007ffde6761000 	C:\WINDOWS\System32\WS2_32.dll
0x00007ffde3110000 - 0x00007ffde3128000 	C:\WINDOWS\SYSTEM32\kernel.appcore.dll
0x00007ffdcd7b0000 - 0x00007ffdcd7ba000 	C:\Users\My Pc\AppData\Local\Programs\Eclipse Adoptium\jdk-17.0.4.101-hotspot\bin\jimage.dll
0x00007ffddf2a0000 - 0x00007ffddf4d3000 	C:\WINDOWS\SYSTEM32\DBGHELP.DLL
0x00007ffde58b0000 - 0x00007ffde5c38000 	C:\WINDOWS\System32\combase.dll
0x00007ffde5da0000 - 0x00007ffde5e77000 	C:\WINDOWS\System32\OLEAUT32.dll
0x00007ffdc14c0000 - 0x00007ffdc14f2000 	C:\WINDOWS\SYSTEM32\dbgcore.DLL
0x00007ffde4a30000 - 0x00007ffde4aa9000 	C:\WINDOWS\System32\bcryptPrimitives.dll
0x00007ffdc75b0000 - 0x00007ffdc75d5000 	C:\Users\My Pc\AppData\Local\Programs\Eclipse Adoptium\jdk-17.0.4.101-hotspot\bin\java.dll
0x00007ffdb1400000 - 0x00007ffdb14d6000 	C:\Users\My Pc\AppData\Local\Programs\Eclipse Adoptium\jdk-17.0.4.101-hotspot\bin\jsvml.dll
0x00007ffde5e80000 - 0x00007ffde66dc000 	C:\WINDOWS\System32\SHELL32.dll
0x00007ffde2030000 - 0x00007ffde2929000 	C:\WINDOWS\SYSTEM32\windows.storage.dll
0x00007ffde1ef0000 - 0x00007ffde202e000 	C:\WINDOWS\SYSTEM32\wintypes.dll
0x00007ffde5070000 - 0x00007ffde5163000 	C:\WINDOWS\System32\SHCORE.dll
0x00007ffde5590000 - 0x00007ffde55ee000 	C:\WINDOWS\System32\shlwapi.dll
0x00007ffde4000000 - 0x00007ffde4021000 	C:\WINDOWS\SYSTEM32\profapi.dll
0x00007ffdc92d0000 - 0x00007ffdc92e9000 	C:\Users\My Pc\AppData\Local\Programs\Eclipse Adoptium\jdk-17.0.4.101-hotspot\bin\net.dll
0x00007ffddbc70000 - 0x00007ffddbda6000 	C:\WINDOWS\SYSTEM32\WINHTTP.dll
0x00007ffde3580000 - 0x00007ffde35e9000 	C:\WINDOWS\system32\mswsock.dll
0x00007ffdc7d80000 - 0x00007ffdc7d95000 	C:\Users\My Pc\AppData\Local\Programs\Eclipse Adoptium\jdk-17.0.4.101-hotspot\bin\nio.dll
0x00007ffdc72a0000 - 0x00007ffdc72b8000 	C:\Users\My Pc\AppData\Local\Programs\Eclipse Adoptium\jdk-17.0.4.101-hotspot\bin\zip.dll
0x00007ffda4870000 - 0x00007ffda49fe000 	C:\Users\My Pc\AppData\Local\Programs\Eclipse Adoptium\jdk-17.0.4.101-hotspot\bin\awt.dll
0x00007ffde1460000 - 0x00007ffde14f7000 	C:\WINDOWS\SYSTEM32\apphelp.dll
0x00007ffde1860000 - 0x00007ffde188b000 	C:\WINDOWS\system32\DWMAPI.DLL
0x00007ffde1600000 - 0x00007ffde16ab000 	C:\WINDOWS\system32\uxtheme.dll
0x00007ffdcaae0000 - 0x00007ffdcabe0000 	C:\WINDOWS\system32\opengl32.dll
0x00007ffddc970000 - 0x00007ffddc99d000 	C:\WINDOWS\SYSTEM32\GLU32.dll
0x00007ffde1710000 - 0x00007ffde1749000 	C:\WINDOWS\SYSTEM32\dxcore.dll
0x00007ffde5c40000 - 0x00007ffde5d93000 	C:\WINDOWS\System32\MSCTF.dll
0x00007ffde5200000 - 0x00007ffde53a5000 	C:\WINDOWS\System32\ole32.dll
0x00007ffdc8370000 - 0x00007ffdc839d000 	C:\Users\My Pc\AppData\Local\Programs\Eclipse Adoptium\jdk-17.0.4.101-hotspot\bin\javajpeg.dll
0x00007ffde2c00000 - 0x00007ffde2cf9000 	C:\WINDOWS\SYSTEM32\DNSAPI.dll
0x00007ffde2bd0000 - 0x00007ffde2bfd000 	C:\WINDOWS\SYSTEM32\IPHLPAPI.DLL
0x00007ffde5580000 - 0x00007ffde5589000 	C:\WINDOWS\System32\NSI.dll
0x00007ffdd9370000 - 0x00007ffdd937a000 	C:\Windows\System32\rasadhlp.dll
0x00007ffdd83a0000 - 0x00007ffdd8423000 	C:\WINDOWS\System32\fwpuclnt.dll
0x00007ffdd8a20000 - 0x00007ffdd8a2e000 	C:\Users\My Pc\AppData\Local\Programs\Eclipse Adoptium\jdk-17.0.4.101-hotspot\bin\sunmscapi.dll
0x00007ffde45a0000 - 0x00007ffde4707000 	C:\WINDOWS\System32\CRYPT32.dll
0x00007ffde39a0000 - 0x00007ffde39ce000 	C:\WINDOWS\SYSTEM32\ncrypt.dll
0x00007ffde3960000 - 0x00007ffde3997000 	C:\WINDOWS\SYSTEM32\NTASN1.dll
0x00007ffde37e0000 - 0x00007ffde37fb000 	C:\WINDOWS\SYSTEM32\CRYPTSP.dll
0x00007ffde3070000 - 0x00007ffde30a5000 	C:\WINDOWS\system32\rsaenh.dll
0x00007ffde3680000 - 0x00007ffde36a8000 	C:\WINDOWS\SYSTEM32\USERENV.dll
0x00007ffde3800000 - 0x00007ffde380c000 	C:\WINDOWS\SYSTEM32\CRYPTBASE.dll
0x00007ffdd9880000 - 0x00007ffdd9899000 	C:\WINDOWS\SYSTEM32\dhcpcsvc6.DLL
0x00007ffdd9860000 - 0x00007ffdd987f000 	C:\WINDOWS\SYSTEM32\dhcpcsvc.DLL
0x00007ffdac250000 - 0x00007ffdac2d6000 	C:\Users\My Pc\AppData\Local\Programs\Eclipse Adoptium\jdk-17.0.4.101-hotspot\bin\freetype.dll
0x00007ffda6730000 - 0x00007ffda67d8000 	C:\Users\My Pc\AppData\Local\Programs\Eclipse Adoptium\jdk-17.0.4.101-hotspot\bin\fontmanager.dll
0x00007ffde4ae0000 - 0x00007ffde4b90000 	C:\WINDOWS\System32\clbcatq.dll
0x00007ffddf720000 - 0x00007ffddf8d0000 	C:\WINDOWS\SYSTEM32\WindowsCodecs.dll
0x00007ffdc2ab0000 - 0x00007ffdc2b0e000 	C:\WINDOWS\system32\dataexchange.dll
0x00007ffddd8c0000 - 0x00007ffdddb4e000 	C:\WINDOWS\system32\twinapi.appcore.dll
0x00007ffdcd2a0000 - 0x00007ffdcd3ea000 	C:\WINDOWS\SYSTEM32\textinputframework.dll

dbghelp: loaded successfully - version: 4.0.5 - missing functions: none
symbol engine: initialized successfully - sym options: 0x614 - pdb path: .;C:\Users\My Pc\AppData\Local\Programs\Eclipse Adoptium\jdk-17.0.4.101-hotspot\bin;C:\WINDOWS\SYSTEM32;C:\WINDOWS\WinSxS\amd64_microsoft.windows.common-controls_6595b64144ccf1df_6.0.22621.3235_none_270f74e173860f98;C:\Users\My Pc\AppData\Local\Programs\Eclipse Adoptium\jdk-17.0.4.101-hotspot\bin\server

VM Arguments:
jvm_args: -Dfile.encoding=UTF-8 --module-path=C:\Users\My Pc\OneDrive\Documents\NetBeansProjects\UniversityManagementSys\build\classes 
java_command: universitymanagementsys.EnterMarks
java_class_path (initial): C:\Users\My Pc\Downloads\mysql-connector-java-8.0.28.jar;C:\Users\My Pc\Downloads\jcalendar-tz-1.3.3-4.jar;C:\Users\My Pc\Downloads\rs2xml.jar;C:\Users\My Pc\OneDrive\Documents\NetBeansProjects\UniversityManagementSys\build\classes
Launcher Type: SUN_STANDARD

[Global flags]
     intx CICompilerCount                          = 3                                         {product} {ergonomic}
     uint ConcGCThreads                            = 1                                         {product} {ergonomic}
     uint G1ConcRefinementThreads                  = 4                                         {product} {ergonomic}
   size_t G1HeapRegionSize                         = 1048576                                   {product} {ergonomic}
    uintx GCDrainStackTargetSize                   = 64                                        {product} {ergonomic}
   size_t InitialHeapSize                          = 130023424                                 {product} {ergonomic}
   size_t MarkStackSize                            = 4194304                                   {product} {ergonomic}
   size_t MaxHeapSize                              = 2080374784                                {product} {ergonomic}
   size_t MaxNewSize                               = 1247805440                                {product} {ergonomic}
   size_t MinHeapDeltaBytes                        = 1048576                                   {product} {ergonomic}
   size_t MinHeapSize                              = 8388608                                   {product} {ergonomic}
    uintx NonNMethodCodeHeapSize                   = 5832780                                {pd product} {ergonomic}
    uintx NonProfiledCodeHeapSize                  = 122912730                              {pd product} {ergonomic}
    uintx ProfiledCodeHeapSize                     = 122912730                              {pd product} {ergonomic}
    uintx ReservedCodeCacheSize                    = 251658240                              {pd product} {ergonomic}
     bool SegmentedCodeCache                       = true                                      {product} {ergonomic}
   size_t SoftMaxHeapSize                          = 2080374784                             {manageable} {ergonomic}
     bool UseCompressedClassPointers               = true                           {product lp64_product} {ergonomic}
     bool UseCompressedOops                        = true                           {product lp64_product} {ergonomic}
     bool UseG1GC                                  = true                                      {product} {ergonomic}
     bool UseLargePagesIndividualAllocation        = false                                  {pd product} {ergonomic}

Logging:
Log output configuration:
 #0: stdout all=warning uptime,level,tags
 #1: stderr all=off uptime,level,tags

Environment Variables:
JAVA_HOME=C:\Users\My Pc\AppData\Local\Programs\Eclipse Adoptium\jdk-17.0.4.101-hotspot\
PATH=C:\Program Files\Common Files\Oracle\Java\javapath;C:\oraclexe\app\oracle\product\11.2.0\server\bin;C:\WINDOWS\system32;C:\WINDOWS;C:\WINDOWS\System32\Wbem;C:\WINDOWS\System32\WindowsPowerShell\v1.0\;C:\WINDOWS\System32\OpenSSH\;C:\MinGW\bin;C:\Program Files\Git\cmd;C:\Program Files\Git\mingw64\bin;C:\Program Files\Git\usr\bin;C:\Program Files\nodejs\;C:\Program Files\Java\jdk-17\bin;C:\Program Files\MySQL\MySQL Shell 8.0\bin\;C:\Users\My Pc\AppData\Local\Programs\Python\Python311\Scripts\;C:\Users\My Pc\AppData\Local\Programs\Python\Python311\;C:\Users\My Pc\AppData\Local\Programs\Eclipse Adoptium\jdk-17.0.4.101-hotspot\bin;C:\Users\My Pc\AppData\Local\Microsoft\WindowsApps;;C:\Users\My Pc\AppData\Local\Programs\Microsoft VS Code\bin;C:\Program Files\JetBrains\IntelliJ IDEA Community Edition 2022.2.2\bin;;C:\Users\My Pc\AppData\Roaming\npm
USERNAME=My Pc
OS=Windows_NT
PROCESSOR_IDENTIFIER=Intel64 Family 6 Model 140 Stepping 1, GenuineIntel
TMP=C:\Users\MYPC~1\AppData\Local\Temp
TEMP=C:\Users\MYPC~1\AppData\Local\Temp



---------------  S Y S T E M  ---------------

OS:
 Windows 11 , 64 bit Build 22621 (10.0.22621.3374)
OS uptime: 7 days 16:08 hours

CPU: total 4 (initial active 4) (2 cores per cpu, 2 threads per core) family 6 model 140 stepping 1 microcode 0xac, cx8, cmov, fxsr, ht, mmx, 3dnowpref, sse, sse2, sse3, ssse3, sse4.1, sse4.2, popcnt, lzcnt, tsc, tscinvbit, avx, avx2, aes, erms, clmul, bmi1, bmi2, adx, avx512f, avx512dq, avx512cd, avx512bw, avx512vl, sha, fma, vzeroupper, avx512_vpopcntdq, avx512_vpclmulqdq, avx512_vaes, avx512_vnni, clflush, clflushopt, clwb, avx512_vbmi2, avx512_vbmi

Memory: 4k page, system-wide physical 7932M (544M free)
TotalPageFile size 32508M (AvailPageFile size 3M)
current process WorkingSet (physical memory assigned to process): 23M, peak: 96M
current process commit charge ("private bytes"): 230M, peak: 236M

vm_info: OpenJDK 64-Bit Server VM (17.0.4.1+1) for windows-amd64 JRE (17.0.4.1+1), built on Aug 17 2022 07:42:43 by "temurin" with MS VC++ 16.7 (VS2019)

END.
