#
# There is insufficient memory for the Java Runtime Environment to continue.
# Native memory allocation (malloc) failed to allocate 638720 bytes for Chunk::new
# Possible reasons:
#   The system is out of physical RAM or swap space
#   The process is running with CompressedOops enabled, and the Java Heap may be blocking the growth of the native heap
# Possible solutions:
#   Reduce memory load on the system
#   Increase physical memory or swap space
#   Check if swap backing store is full
#   Decrease Java heap size (-Xmx/-Xms)
#   Decrease number of Java threads
#   Decrease Java thread stack sizes (-Xss)
#   Set larger code cache with -XX:ReservedCodeCacheSize=
#   JVM is running with Unscaled Compressed Oops mode in which the Java heap is
#     placed in the first 4GB address space. The Java Heap base address is the
#     maximum limit for the native heap growth. Please use -XX:HeapBaseMinAddress
#     to set the Java Heap base and to place the Java Heap above 4GB virtual address.
# This output file may be truncated or incomplete.
#
#  Out of Memory Error (arena.cpp:189), pid=10644, tid=9700
#
# JRE version: OpenJDK Runtime Environment Temurin-17.0.4.1+1 (17.0.4.1+1) (build 17.0.4.1+1)
# Java VM: OpenJDK 64-Bit Server VM Temurin-17.0.4.1+1 (17.0.4.1+1, mixed mode, sharing, tiered, compressed oops, compressed class ptrs, g1 gc, windows-amd64)
# No core dump will be written. Minidumps are not enabled by default on client versions of Windows
#

---------------  S U M M A R Y ------------

Command Line: -Dfile.encoding=UTF-8 --module-path=C:\Users\My Pc\OneDrive\Documents\NetBeansProjects\UniversityManagementSys\build\classes universitymanagementsys.EnterMarks

Host: 11th Gen Intel(R) Core(TM) i3-1115G4 @ 3.00GHz, 4 cores, 7G,  Windows 11 , 64 bit Build 22621 (10.0.22621.3374)
Time: Sat Apr 20 13:34:05 2024 India Standard Time elapsed time: 52883.950246 seconds (0d 14h 41m 23s)

---------------  T H R E A D  ---------------

Current thread (0x000002f0c5cac330):  JavaThread "C2 CompilerThread0" daemon [_thread_in_native, id=9700, stack(0x000000fff5600000,0x000000fff5700000)]


Current CompileTask:
C2:52883950 1867       4       java.net.URLStreamHandler::parseURL (1201 bytes)

Stack: [0x000000fff5600000,0x000000fff5700000]
Native frames: (J=compiled Java code, j=interpreted, Vv=VM code, C=native code)
V  [jvm.dll+0x67731a]
V  [jvm.dll+0x832284]
V  [jvm.dll+0x833a2e]
V  [jvm.dll+0x834093]
V  [jvm.dll+0x245775]
V  [jvm.dll+0xabd7b]
V  [jvm.dll+0xac30c]
V  [jvm.dll+0x363a97]
V  [jvm.dll+0x32e011]
V  [jvm.dll+0x32d4ba]
V  [jvm.dll+0x218681]
V  [jvm.dll+0x217aa1]
V  [jvm.dll+0x1a3f8d]
V  [jvm.dll+0x227498]
V  [jvm.dll+0x2255e5]
V  [jvm.dll+0x7e7e9b]
V  [jvm.dll+0x7e240a]
V  [jvm.dll+0x6761a5]
C  [ucrtbase.dll+0x29333]
C  [KERNEL32.DLL+0x1257d]
C  [ntdll.dll+0x5aa48]


---------------  P R O C E S S  ---------------

Threads class SMR info:
_java_thread_list=0x000002f0c76f7e30, length=17, elements={
0x000002f0c5c93920, 0x000002f0c5c962e0, 0x000002f0c5ca6870, 0x000002f0c5ca7220,
0x000002f0c5ca9be0, 0x000002f0c5cab5a0, 0x000002f0c5cac330, 0x000002f0c5cc3600,
0x000002f0c5cd3af0, 0x000002f0c688a120, 0x000002f0c6930b60, 0x000002f0c6af1460,
0x000002f0c6af1930, 0x000002f0c6af4c10, 0x000002f0c6ba5140, 0x000002f0c765dba0,
0x000002f0c720a6a0
}

Java Threads: ( => current thread )
  0x000002f0c5c93920 JavaThread "Reference Handler" daemon [_thread_blocked, id=23504, stack(0x000000fff5000000,0x000000fff5100000)]
  0x000002f0c5c962e0 JavaThread "Finalizer" daemon [_thread_blocked, id=21992, stack(0x000000fff5100000,0x000000fff5200000)]
  0x000002f0c5ca6870 JavaThread "Signal Dispatcher" daemon [_thread_blocked, id=11400, stack(0x000000fff5200000,0x000000fff5300000)]
  0x000002f0c5ca7220 JavaThread "Attach Listener" daemon [_thread_blocked, id=8328, stack(0x000000fff5300000,0x000000fff5400000)]
  0x000002f0c5ca9be0 JavaThread "Service Thread" daemon [_thread_blocked, id=21268, stack(0x000000fff5400000,0x000000fff5500000)]
  0x000002f0c5cab5a0 JavaThread "Monitor Deflation Thread" daemon [_thread_blocked, id=13044, stack(0x000000fff5500000,0x000000fff5600000)]
=>0x000002f0c5cac330 JavaThread "C2 CompilerThread0" daemon [_thread_in_native, id=9700, stack(0x000000fff5600000,0x000000fff5700000)]
  0x000002f0c5cc3600 JavaThread "C1 CompilerThread0" daemon [_thread_blocked, id=5968, stack(0x000000fff5700000,0x000000fff5800000)]
  0x000002f0c5cd3af0 JavaThread "Sweeper thread" daemon [_thread_blocked, id=9444, stack(0x000000fff5800000,0x000000fff5900000)]
  0x000002f0c688a120 JavaThread "Common-Cleaner" daemon [_thread_blocked, id=16192, stack(0x000000fff5900000,0x000000fff5a00000)]
  0x000002f0c6930b60 JavaThread "Notification Thread" daemon [_thread_blocked, id=20816, stack(0x000000fff5a00000,0x000000fff5b00000)]
  0x000002f0c6af1460 JavaThread "Java2D Disposer" daemon [_thread_blocked, id=12752, stack(0x000000fff5c00000,0x000000fff5d00000)]
  0x000002f0c6af1930 JavaThread "AWT-Shutdown" [_thread_blocked, id=21100, stack(0x000000fff5d00000,0x000000fff5e00000)]
  0x000002f0c6af4c10 JavaThread "AWT-Windows" daemon [_thread_in_native, id=10900, stack(0x000000fff5e00000,0x000000fff5f00000)]
  0x000002f0c6ba5140 JavaThread "mysql-cj-abandoned-connection-cleanup" daemon [_thread_blocked, id=21228, stack(0x000000fff6000000,0x000000fff6100000)]
  0x000002f0c765dba0 JavaThread "AWT-EventQueue-0" [_thread_blocked, id=16676, stack(0x000000fff6500000,0x000000fff6600000)]
  0x000002f0c720a6a0 JavaThread "DestroyJavaVM" [_thread_blocked, id=23492, stack(0x000000fff4900000,0x000000fff4a00000)]

Other Threads:
  0x000002f0c5c8fa90 VMThread "VM Thread" [stack: 0x000000fff4f00000,0x000000fff5000000] [id=12824]
  0x000002f0c6912320 WatcherThread [stack: 0x000000fff5b00000,0x000000fff5c00000] [id=16456]
  0x000002f0a83da6a0 GCTaskThread "GC Thread#0" [stack: 0x000000fff4a00000,0x000000fff4b00000] [id=22452]
  0x000002f0c72b7620 GCTaskThread "GC Thread#1" [stack: 0x000000fff6100000,0x000000fff6200000] [id=22080]
  0x000002f0c692f0e0 GCTaskThread "GC Thread#2" [stack: 0x000000fff6200000,0x000000fff6300000] [id=23536]
  0x000002f0c692ea60 GCTaskThread "GC Thread#3" [stack: 0x000000fff6300000,0x000000fff6400000] [id=23452]
  0x000002f0a83eade0 ConcurrentGCThread "G1 Main Marker" [stack: 0x000000fff4b00000,0x000000fff4c00000] [id=21772]
  0x000002f0a83ebf90 ConcurrentGCThread "G1 Conc#0" [stack: 0x000000fff4c00000,0x000000fff4d00000] [id=14828]
  0x000002f0c5b40090 ConcurrentGCThread "G1 Refine#0" [stack: 0x000000fff4d00000,0x000000fff4e00000] [id=21408]
  0x000002f0c720d340 ConcurrentGCThread "G1 Refine#1" [stack: 0x000000fff6400000,0x000000fff6500000] [id=23436]
  0x000002f0c5b40ab0 ConcurrentGCThread "G1 Service" [stack: 0x000000fff4e00000,0x000000fff4f00000] [id=21196]

Threads with active compile tasks:
C2 CompilerThread0  52883989 1867       4       java.net.URLStreamHandler::parseURL (1201 bytes)

VM state: not at safepoint (normal execution)

VM Mutex/Monitor currently owned by a thread: None

Heap address: 0x0000000084000000, size: 1984 MB, Compressed Oops mode: 32-bit

CDS archive(s) mapped at: [0x0000000800000000-0x0000000800bc0000-0x0000000800bc0000), size 12320768, SharedBaseAddress: 0x0000000800000000, ArchiveRelocationMode: 0.
Compressed class space mapped at: 0x0000000800c00000-0x0000000840c00000, reserved size: 1073741824
Narrow klass base: 0x0000000800000000, Narrow klass shift: 0, Narrow klass range: 0x100000000

GC Precious Log:
 CPUs: 4 total, 4 available
 Memory: 7932M
 Large Page Support: Disabled
 NUMA Support: Disabled
 Compressed Oops: Enabled (32-bit)
 Heap Region Size: 1M
 Heap Min Capacity: 8M
 Heap Initial Capacity: 124M
 Heap Max Capacity: 1984M
 Pre-touch: Disabled
 Parallel Workers: 4
 Concurrent Workers: 1
 Concurrent Refinement Workers: 4
 Periodic GC: Disabled

Heap:
 garbage-first heap   total 126976K, used 13200K [0x0000000084000000, 0x0000000100000000)
  region size 1024K, 6 young (6144K), 2 survivors (2048K)
 Metaspace       used 17409K, committed 17664K, reserved 1064960K
  class space    used 2035K, committed 2176K, reserved 1048576K

Heap Regions: E=young(eden), S=young(survivor), O=old, HS=humongous(starts), HC=humongous(continues), CS=collection set, F=free, OA=open archive, CA=closed archive, TAMS=top-at-mark-start (previous, next)
|   0|0x0000000084000000, 0x0000000084100000, 0x0000000084100000|100%|HS|  |TAMS 0x0000000084000000, 0x0000000084000000| Complete 
|   1|0x0000000084100000, 0x0000000084200000, 0x0000000084200000|100%|HC|  |TAMS 0x0000000084100000, 0x0000000084100000| Complete 
|   2|0x0000000084200000, 0x0000000084300000, 0x0000000084300000|100%| O|  |TAMS 0x0000000084200000, 0x0000000084200000| Untracked 
|   3|0x0000000084300000, 0x0000000084400000, 0x0000000084400000|100%| O|  |TAMS 0x0000000084300000, 0x0000000084300000| Untracked 
|   4|0x0000000084400000, 0x0000000084500000, 0x0000000084500000|100%|HS|  |TAMS 0x0000000084400000, 0x0000000084400000| Complete 
|   5|0x0000000084500000, 0x0000000084600000, 0x0000000084600000|100%|HC|  |TAMS 0x0000000084500000, 0x0000000084500000| Complete 
|   6|0x0000000084600000, 0x0000000084700000, 0x0000000084700000|100%| O|  |TAMS 0x0000000084600000, 0x0000000084600000| Untracked 
|   7|0x0000000084700000, 0x00000000847e4200, 0x0000000084800000| 89%| O|  |TAMS 0x0000000084700000, 0x0000000084700000| Untracked 
|   8|0x0000000084800000, 0x0000000084800000, 0x0000000084900000|  0%| F|  |TAMS 0x0000000084800000, 0x0000000084800000| Untracked 
|   9|0x0000000084900000, 0x0000000084900000, 0x0000000084a00000|  0%| F|  |TAMS 0x0000000084900000, 0x0000000084900000| Untracked 
|  10|0x0000000084a00000, 0x0000000084a00000, 0x0000000084b00000|  0%| F|  |TAMS 0x0000000084a00000, 0x0000000084a00000| Untracked 
|  11|0x0000000084b00000, 0x0000000084b00000, 0x0000000084c00000|  0%| F|  |TAMS 0x0000000084b00000, 0x0000000084b00000| Untracked 
|  12|0x0000000084c00000, 0x0000000084c00000, 0x0000000084d00000|  0%| F|  |TAMS 0x0000000084c00000, 0x0000000084c00000| Untracked 
|  13|0x0000000084d00000, 0x0000000084d00000, 0x0000000084e00000|  0%| F|  |TAMS 0x0000000084d00000, 0x0000000084d00000| Untracked 
|  14|0x0000000084e00000, 0x0000000084e00000, 0x0000000084f00000|  0%| F|  |TAMS 0x0000000084e00000, 0x0000000084e00000| Untracked 
|  15|0x0000000084f00000, 0x0000000084f00000, 0x0000000085000000|  0%| F|  |TAMS 0x0000000084f00000, 0x0000000084f00000| Untracked 
|  16|0x0000000085000000, 0x0000000085000000, 0x0000000085100000|  0%| F|  |TAMS 0x0000000085000000, 0x0000000085000000| Untracked 
|  17|0x0000000085100000, 0x0000000085100000, 0x0000000085200000|  0%| F|  |TAMS 0x0000000085100000, 0x0000000085100000| Untracked 
|  18|0x0000000085200000, 0x0000000085200000, 0x0000000085300000|  0%| F|  |TAMS 0x0000000085200000, 0x0000000085200000| Untracked 
|  19|0x0000000085300000, 0x0000000085300000, 0x0000000085400000|  0%| F|  |TAMS 0x0000000085300000, 0x0000000085300000| Untracked 
|  20|0x0000000085400000, 0x0000000085400000, 0x0000000085500000|  0%| F|  |TAMS 0x0000000085400000, 0x0000000085400000| Untracked 
|  21|0x0000000085500000, 0x0000000085500000, 0x0000000085600000|  0%| F|  |TAMS 0x0000000085500000, 0x0000000085500000| Untracked 
|  22|0x0000000085600000, 0x0000000085600000, 0x0000000085700000|  0%| F|  |TAMS 0x0000000085600000, 0x0000000085600000| Untracked 
|  23|0x0000000085700000, 0x0000000085700000, 0x0000000085800000|  0%| F|  |TAMS 0x0000000085700000, 0x0000000085700000| Untracked 
|  24|0x0000000085800000, 0x0000000085800000, 0x0000000085900000|  0%| F|  |TAMS 0x0000000085800000, 0x0000000085800000| Untracked 
|  25|0x0000000085900000, 0x0000000085900000, 0x0000000085a00000|  0%| F|  |TAMS 0x0000000085900000, 0x0000000085900000| Untracked 
|  26|0x0000000085a00000, 0x0000000085a00000, 0x0000000085b00000|  0%| F|  |TAMS 0x0000000085a00000, 0x0000000085a00000| Untracked 
|  27|0x0000000085b00000, 0x0000000085b00000, 0x0000000085c00000|  0%| F|  |TAMS 0x0000000085b00000, 0x0000000085b00000| Untracked 
|  28|0x0000000085c00000, 0x0000000085c00000, 0x0000000085d00000|  0%| F|  |TAMS 0x0000000085c00000, 0x0000000085c00000| Untracked 
|  29|0x0000000085d00000, 0x0000000085d00000, 0x0000000085e00000|  0%| F|  |TAMS 0x0000000085d00000, 0x0000000085d00000| Untracked 
|  30|0x0000000085e00000, 0x0000000085e00000, 0x0000000085f00000|  0%| F|  |TAMS 0x0000000085e00000, 0x0000000085e00000| Untracked 
|  31|0x0000000085f00000, 0x0000000085f00000, 0x0000000086000000|  0%| F|  |TAMS 0x0000000085f00000, 0x0000000085f00000| Untracked 
|  32|0x0000000086000000, 0x0000000086000000, 0x0000000086100000|  0%| F|  |TAMS 0x0000000086000000, 0x0000000086000000| Untracked 
|  33|0x0000000086100000, 0x0000000086100000, 0x0000000086200000|  0%| F|  |TAMS 0x0000000086100000, 0x0000000086100000| Untracked 
|  34|0x0000000086200000, 0x0000000086200000, 0x0000000086300000|  0%| F|  |TAMS 0x0000000086200000, 0x0000000086200000| Untracked 
|  35|0x0000000086300000, 0x0000000086300000, 0x0000000086400000|  0%| F|  |TAMS 0x0000000086300000, 0x0000000086300000| Untracked 
|  36|0x0000000086400000, 0x0000000086400000, 0x0000000086500000|  0%| F|  |TAMS 0x0000000086400000, 0x0000000086400000| Untracked 
|  37|0x0000000086500000, 0x0000000086500000, 0x0000000086600000|  0%| F|  |TAMS 0x0000000086500000, 0x0000000086500000| Untracked 
|  38|0x0000000086600000, 0x0000000086600000, 0x0000000086700000|  0%| F|  |TAMS 0x0000000086600000, 0x0000000086600000| Untracked 
|  39|0x0000000086700000, 0x0000000086700000, 0x0000000086800000|  0%| F|  |TAMS 0x0000000086700000, 0x0000000086700000| Untracked 
|  40|0x0000000086800000, 0x0000000086800000, 0x0000000086900000|  0%| F|  |TAMS 0x0000000086800000, 0x0000000086800000| Untracked 
|  41|0x0000000086900000, 0x0000000086900000, 0x0000000086a00000|  0%| F|  |TAMS 0x0000000086900000, 0x0000000086900000| Untracked 
|  42|0x0000000086a00000, 0x0000000086a00000, 0x0000000086b00000|  0%| F|  |TAMS 0x0000000086a00000, 0x0000000086a00000| Untracked 
|  43|0x0000000086b00000, 0x0000000086b00000, 0x0000000086c00000|  0%| F|  |TAMS 0x0000000086b00000, 0x0000000086b00000| Untracked 
|  44|0x0000000086c00000, 0x0000000086c00000, 0x0000000086d00000|  0%| F|  |TAMS 0x0000000086c00000, 0x0000000086c00000| Untracked 
|  45|0x0000000086d00000, 0x0000000086d00000, 0x0000000086e00000|  0%| F|  |TAMS 0x0000000086d00000, 0x0000000086d00000| Untracked 
|  46|0x0000000086e00000, 0x0000000086e00000, 0x0000000086f00000|  0%| F|  |TAMS 0x0000000086e00000, 0x0000000086e00000| Untracked 
|  47|0x0000000086f00000, 0x0000000086f00000, 0x0000000087000000|  0%| F|  |TAMS 0x0000000086f00000, 0x0000000086f00000| Untracked 
|  48|0x0000000087000000, 0x0000000087000000, 0x0000000087100000|  0%| F|  |TAMS 0x0000000087000000, 0x0000000087000000| Untracked 
|  49|0x0000000087100000, 0x0000000087100000, 0x0000000087200000|  0%| F|  |TAMS 0x0000000087100000, 0x0000000087100000| Untracked 
|  50|0x0000000087200000, 0x0000000087200000, 0x0000000087300000|  0%| F|  |TAMS 0x0000000087200000, 0x0000000087200000| Untracked 
|  51|0x0000000087300000, 0x0000000087300000, 0x0000000087400000|  0%| F|  |TAMS 0x0000000087300000, 0x0000000087300000| Untracked 
|  52|0x0000000087400000, 0x0000000087400000, 0x0000000087500000|  0%| F|  |TAMS 0x0000000087400000, 0x0000000087400000| Untracked 
|  53|0x0000000087500000, 0x0000000087500000, 0x0000000087600000|  0%| F|  |TAMS 0x0000000087500000, 0x0000000087500000| Untracked 
|  54|0x0000000087600000, 0x0000000087600000, 0x0000000087700000|  0%| F|  |TAMS 0x0000000087600000, 0x0000000087600000| Untracked 
|  55|0x0000000087700000, 0x0000000087700000, 0x0000000087800000|  0%| F|  |TAMS 0x0000000087700000, 0x0000000087700000| Untracked 
|  56|0x0000000087800000, 0x0000000087800000, 0x0000000087900000|  0%| F|  |TAMS 0x0000000087800000, 0x0000000087800000| Untracked 
|  57|0x0000000087900000, 0x0000000087900000, 0x0000000087a00000|  0%| F|  |TAMS 0x0000000087900000, 0x0000000087900000| Untracked 
|  58|0x0000000087a00000, 0x0000000087a00000, 0x0000000087b00000|  0%| F|  |TAMS 0x0000000087a00000, 0x0000000087a00000| Untracked 
|  59|0x0000000087b00000, 0x0000000087b00000, 0x0000000087c00000|  0%| F|  |TAMS 0x0000000087b00000, 0x0000000087b00000| Untracked 
|  60|0x0000000087c00000, 0x0000000087c00000, 0x0000000087d00000|  0%| F|  |TAMS 0x0000000087c00000, 0x0000000087c00000| Untracked 
|  61|0x0000000087d00000, 0x0000000087d00000, 0x0000000087e00000|  0%| F|  |TAMS 0x0000000087d00000, 0x0000000087d00000| Untracked 
|  62|0x0000000087e00000, 0x0000000087e00000, 0x0000000087f00000|  0%| F|  |TAMS 0x0000000087e00000, 0x0000000087e00000| Untracked 
|  63|0x0000000087f00000, 0x0000000087f00000, 0x0000000088000000|  0%| F|  |TAMS 0x0000000087f00000, 0x0000000087f00000| Untracked 
|  64|0x0000000088000000, 0x0000000088000000, 0x0000000088100000|  0%| F|  |TAMS 0x0000000088000000, 0x0000000088000000| Untracked 
|  65|0x0000000088100000, 0x0000000088100000, 0x0000000088200000|  0%| F|  |TAMS 0x0000000088100000, 0x0000000088100000| Untracked 
|  66|0x0000000088200000, 0x0000000088200000, 0x0000000088300000|  0%| F|  |TAMS 0x0000000088200000, 0x0000000088200000| Untracked 
|  67|0x0000000088300000, 0x0000000088300000, 0x0000000088400000|  0%| F|  |TAMS 0x0000000088300000, 0x0000000088300000| Untracked 
|  68|0x0000000088400000, 0x0000000088400000, 0x0000000088500000|  0%| F|  |TAMS 0x0000000088400000, 0x0000000088400000| Untracked 
|  69|0x0000000088500000, 0x0000000088500000, 0x0000000088600000|  0%| F|  |TAMS 0x0000000088500000, 0x0000000088500000| Untracked 
|  70|0x0000000088600000, 0x0000000088600000, 0x0000000088700000|  0%| F|  |TAMS 0x0000000088600000, 0x0000000088600000| Untracked 
|  71|0x0000000088700000, 0x0000000088700000, 0x0000000088800000|  0%| F|  |TAMS 0x0000000088700000, 0x0000000088700000| Untracked 
|  72|0x0000000088800000, 0x0000000088800000, 0x0000000088900000|  0%| F|  |TAMS 0x0000000088800000, 0x0000000088800000| Untracked 
|  73|0x0000000088900000, 0x0000000088900000, 0x0000000088a00000|  0%| F|  |TAMS 0x0000000088900000, 0x0000000088900000| Untracked 
|  74|0x0000000088a00000, 0x0000000088a00000, 0x0000000088b00000|  0%| F|  |TAMS 0x0000000088a00000, 0x0000000088a00000| Untracked 
|  75|0x0000000088b00000, 0x0000000088b00000, 0x0000000088c00000|  0%| F|  |TAMS 0x0000000088b00000, 0x0000000088b00000| Untracked 
|  76|0x0000000088c00000, 0x0000000088c00000, 0x0000000088d00000|  0%| F|  |TAMS 0x0000000088c00000, 0x0000000088c00000| Untracked 
|  77|0x0000000088d00000, 0x0000000088d00000, 0x0000000088e00000|  0%| F|  |TAMS 0x0000000088d00000, 0x0000000088d00000| Untracked 
|  78|0x0000000088e00000, 0x0000000088e00000, 0x0000000088f00000|  0%| F|  |TAMS 0x0000000088e00000, 0x0000000088e00000| Untracked 
|  79|0x0000000088f00000, 0x0000000088f00000, 0x0000000089000000|  0%| F|  |TAMS 0x0000000088f00000, 0x0000000088f00000| Untracked 
|  80|0x0000000089000000, 0x0000000089000000, 0x0000000089100000|  0%| F|  |TAMS 0x0000000089000000, 0x0000000089000000| Untracked 
|  81|0x0000000089100000, 0x0000000089100000, 0x0000000089200000|  0%| F|  |TAMS 0x0000000089100000, 0x0000000089100000| Untracked 
|  82|0x0000000089200000, 0x0000000089200000, 0x0000000089300000|  0%| F|  |TAMS 0x0000000089200000, 0x0000000089200000| Untracked 
|  83|0x0000000089300000, 0x0000000089300000, 0x0000000089400000|  0%| F|  |TAMS 0x0000000089300000, 0x0000000089300000| Untracked 
|  84|0x0000000089400000, 0x0000000089400000, 0x0000000089500000|  0%| F|  |TAMS 0x0000000089400000, 0x0000000089400000| Untracked 
|  85|0x0000000089500000, 0x0000000089500000, 0x0000000089600000|  0%| F|  |TAMS 0x0000000089500000, 0x0000000089500000| Untracked 
|  86|0x0000000089600000, 0x0000000089600000, 0x0000000089700000|  0%| F|  |TAMS 0x0000000089600000, 0x0000000089600000| Untracked 
|  87|0x0000000089700000, 0x0000000089700000, 0x0000000089800000|  0%| F|  |TAMS 0x0000000089700000, 0x0000000089700000| Untracked 
|  88|0x0000000089800000, 0x0000000089800000, 0x0000000089900000|  0%| F|  |TAMS 0x0000000089800000, 0x0000000089800000| Untracked 
|  89|0x0000000089900000, 0x0000000089900000, 0x0000000089a00000|  0%| F|  |TAMS 0x0000000089900000, 0x0000000089900000| Untracked 
|  90|0x0000000089a00000, 0x0000000089a00000, 0x0000000089b00000|  0%| F|  |TAMS 0x0000000089a00000, 0x0000000089a00000| Untracked 
|  91|0x0000000089b00000, 0x0000000089b00000, 0x0000000089c00000|  0%| F|  |TAMS 0x0000000089b00000, 0x0000000089b00000| Untracked 
|  92|0x0000000089c00000, 0x0000000089c00000, 0x0000000089d00000|  0%| F|  |TAMS 0x0000000089c00000, 0x0000000089c00000| Untracked 
|  93|0x0000000089d00000, 0x0000000089d00000, 0x0000000089e00000|  0%| F|  |TAMS 0x0000000089d00000, 0x0000000089d00000| Untracked 
|  94|0x0000000089e00000, 0x0000000089e00000, 0x0000000089f00000|  0%| F|  |TAMS 0x0000000089e00000, 0x0000000089e00000| Untracked 
|  95|0x0000000089f00000, 0x0000000089f00000, 0x000000008a000000|  0%| F|  |TAMS 0x0000000089f00000, 0x0000000089f00000| Untracked 
|  96|0x000000008a000000, 0x000000008a000000, 0x000000008a100000|  0%| F|  |TAMS 0x000000008a000000, 0x000000008a000000| Untracked 
|  97|0x000000008a100000, 0x000000008a100000, 0x000000008a200000|  0%| F|  |TAMS 0x000000008a100000, 0x000000008a100000| Untracked 
|  98|0x000000008a200000, 0x000000008a200000, 0x000000008a300000|  0%| F|  |TAMS 0x000000008a200000, 0x000000008a200000| Untracked 
|  99|0x000000008a300000, 0x000000008a300000, 0x000000008a400000|  0%| F|  |TAMS 0x000000008a300000, 0x000000008a300000| Untracked 
| 100|0x000000008a400000, 0x000000008a400000, 0x000000008a500000|  0%| F|  |TAMS 0x000000008a400000, 0x000000008a400000| Untracked 
| 101|0x000000008a500000, 0x000000008a500000, 0x000000008a600000|  0%| F|  |TAMS 0x000000008a500000, 0x000000008a500000| Untracked 
| 102|0x000000008a600000, 0x000000008a600000, 0x000000008a700000|  0%| F|  |TAMS 0x000000008a600000, 0x000000008a600000| Untracked 
| 103|0x000000008a700000, 0x000000008a700000, 0x000000008a800000|  0%| F|  |TAMS 0x000000008a700000, 0x000000008a700000| Untracked 
| 104|0x000000008a800000, 0x000000008a800000, 0x000000008a900000|  0%| F|  |TAMS 0x000000008a800000, 0x000000008a800000| Untracked 
| 105|0x000000008a900000, 0x000000008a900000, 0x000000008aa00000|  0%| F|  |TAMS 0x000000008a900000, 0x000000008a900000| Untracked 
| 106|0x000000008aa00000, 0x000000008aa00000, 0x000000008ab00000|  0%| F|  |TAMS 0x000000008aa00000, 0x000000008aa00000| Untracked 
| 107|0x000000008ab00000, 0x000000008ab00000, 0x000000008ac00000|  0%| F|  |TAMS 0x000000008ab00000, 0x000000008ab00000| Untracked 
| 108|0x000000008ac00000, 0x000000008ac00000, 0x000000008ad00000|  0%| F|  |TAMS 0x000000008ac00000, 0x000000008ac00000| Untracked 
| 109|0x000000008ad00000, 0x000000008ad00000, 0x000000008ae00000|  0%| F|  |TAMS 0x000000008ad00000, 0x000000008ad00000| Untracked 
| 110|0x000000008ae00000, 0x000000008ae00000, 0x000000008af00000|  0%| F|  |TAMS 0x000000008ae00000, 0x000000008ae00000| Untracked 
| 111|0x000000008af00000, 0x000000008af00000, 0x000000008b000000|  0%| F|  |TAMS 0x000000008af00000, 0x000000008af00000| Untracked 
| 112|0x000000008b000000, 0x000000008b100000, 0x000000008b100000|100%| S|CS|TAMS 0x000000008b000000, 0x000000008b000000| Complete 
| 113|0x000000008b100000, 0x000000008b200000, 0x000000008b200000|100%| S|CS|TAMS 0x000000008b100000, 0x000000008b100000| Complete 
| 114|0x000000008b200000, 0x000000008b200000, 0x000000008b300000|  0%| F|  |TAMS 0x000000008b200000, 0x000000008b200000| Untracked 
| 115|0x000000008b300000, 0x000000008b300000, 0x000000008b400000|  0%| F|  |TAMS 0x000000008b300000, 0x000000008b300000| Untracked 
| 116|0x000000008b400000, 0x000000008b400000, 0x000000008b500000|  0%| F|  |TAMS 0x000000008b400000, 0x000000008b400000| Untracked 
| 117|0x000000008b500000, 0x000000008b500000, 0x000000008b600000|  0%| F|  |TAMS 0x000000008b500000, 0x000000008b500000| Untracked 
| 118|0x000000008b600000, 0x000000008b600000, 0x000000008b700000|  0%| F|  |TAMS 0x000000008b600000, 0x000000008b600000| Untracked 
| 119|0x000000008b700000, 0x000000008b700000, 0x000000008b800000|  0%| F|  |TAMS 0x000000008b700000, 0x000000008b700000| Untracked 
| 120|0x000000008b800000, 0x000000008b8d4690, 0x000000008b900000| 82%| E|  |TAMS 0x000000008b800000, 0x000000008b800000| Complete 
| 121|0x000000008b900000, 0x000000008ba00000, 0x000000008ba00000|100%| E|CS|TAMS 0x000000008b900000, 0x000000008b900000| Complete 
| 122|0x000000008ba00000, 0x000000008bb00000, 0x000000008bb00000|100%| E|CS|TAMS 0x000000008ba00000, 0x000000008ba00000| Complete 
| 123|0x000000008bb00000, 0x000000008bc00000, 0x000000008bc00000|100%| E|CS|TAMS 0x000000008bb00000, 0x000000008bb00000| Complete 

Card table byte_map: [0x000002f0bf240000,0x000002f0bf620000] _byte_map_base: 0x000002f0bee20000

Marking Bits (Prev, Next): (CMBitMap*) 0x000002f0a83dacb0, (CMBitMap*) 0x000002f0a83dacf0
 Prev Bits: [0x000002f0bfa00000, 0x000002f0c1900000)
 Next Bits: [0x000002f0c1900000, 0x000002f0c3800000)

Polling page: 0x000002f0a6300000

Metaspace:

Usage:
  Non-class:     15.01 MB used.
      Class:      1.99 MB used.
       Both:     17.00 MB used.

Virtual space:
  Non-class space:       16.00 MB reserved,      15.12 MB ( 95%) committed,  2 nodes.
      Class space:        1.00 GB reserved,       2.12 MB ( <1%) committed,  1 nodes.
             Both:        1.02 GB reserved,      17.25 MB (  2%) committed. 

Chunk freelists:
   Non-Class:  487.00 KB
       Class:  1.74 MB
        Both:  2.22 MB

MaxMetaspaceSize: unlimited
CompressedClassSpaceSize: 1.00 GB
Initial GC threshold: 21.00 MB
Current GC threshold: 21.00 MB
CDS: on
MetaspaceReclaimPolicy: balanced
 - commit_granule_bytes: 65536.
 - commit_granule_words: 8192.
 - virtual_space_node_default_size: 1048576.
 - enlarge_chunks_in_place: 1.
 - new_chunks_are_fully_committed: 0.
 - uncommit_free_chunks: 1.
 - use_allocation_guard: 0.
 - handle_deallocations: 1.


Internal statistics:

num_allocs_failed_limit: 0.
num_arena_births: 156.
num_arena_deaths: 0.
num_vsnodes_births: 3.
num_vsnodes_deaths: 0.
num_space_committed: 276.
num_space_uncommitted: 0.
num_chunks_returned_to_freelist: 0.
num_chunks_taken_from_freelist: 360.
num_chunk_merges: 0.
num_chunk_splits: 210.
num_chunks_enlarged: 116.
num_purges: 0.
num_inconsistent_stats: 0.

CodeHeap 'non-profiled nmethods': size=120000Kb used=695Kb max_used=695Kb free=119304Kb
 bounds [0x000002f0b7930000, 0x000002f0b7ba0000, 0x000002f0bee60000]
CodeHeap 'profiled nmethods': size=120000Kb used=3364Kb max_used=3364Kb free=116635Kb
 bounds [0x000002f0b0400000, 0x000002f0b0750000, 0x000002f0b7930000]
CodeHeap 'non-nmethods': size=5760Kb used=1360Kb max_used=1389Kb free=4399Kb
 bounds [0x000002f0afe60000, 0x000002f0b00d0000, 0x000002f0b0400000]
 total_blobs=2551 nmethods=1864 adapters=599
 compilation: enabled
              stopped_count=0, restarted_count=0
 full_count=0

Compilation events (20 events):
Event: 9574.508 Thread 0x000002f0c5cc3600 nmethod 1857 0x000002f0b0746910 code [0x000002f0b0746b00, 0x000002f0b07472a8]
Event: 10382.878 Thread 0x000002f0c5cac330 1858       4       java.lang.String::regionMatches (150 bytes)
Event: 10382.905 Thread 0x000002f0c5cac330 nmethod 1858 0x000002f0b79d7b10 code [0x000002f0b79d7ce0, 0x000002f0b79d8398]
Event: 10683.430 Thread 0x000002f0c5cac330 1859       4       java.lang.ref.ReferenceQueue::reallyPoll (65 bytes)
Event: 10683.441 Thread 0x000002f0c5cac330 nmethod 1859 0x000002f0b79d8910 code [0x000002f0b79d8aa0, 0x000002f0b79d8d98]
Event: 11371.730 Thread 0x000002f0c5cc3600 1860   !   3       java.awt.Toolkit::setDesktopProperty (81 bytes)
Event: 11371.738 Thread 0x000002f0c5cc3600 nmethod 1860 0x000002f0b0747510 code [0x000002f0b0747720, 0x000002f0b0747f68]
Event: 52212.278 Thread 0x000002f0c5cac330 1861   !   4       java.net.URL::<init> (543 bytes)
Event: 52212.353 Thread 0x000002f0c5cac330 nmethod 1861 0x000002f0b79d8e10 code [0x000002f0b79d9120, 0x000002f0b79db168]
Event: 52232.324 Thread 0x000002f0c5cac330 1862       4       java.net.URLStreamHandler::setURL (73 bytes)
Event: 52232.352 Thread 0x000002f0c5cac330 nmethod 1862 0x000002f0b79dc610 code [0x000002f0b79dc7c0, 0x000002f0b79dd308]
Event: 52686.645 Thread 0x000002f0c5cc3600 1863       3       java.util.HashMap::<init> (8 bytes)
Event: 52686.646 Thread 0x000002f0c5cc3600 nmethod 1863 0x000002f0b0748210 code [0x000002f0b07483e0, 0x000002f0b0748528]
Event: 52687.459 Thread 0x000002f0c5cac330 1864       4       java.util.Arrays::binarySearch0 (95 bytes)
Event: 52687.469 Thread 0x000002f0c5cac330 nmethod 1864 0x000002f0b79dd790 code [0x000002f0b79dd920, 0x000002f0b79ddb18]
Event: 52687.615 Thread 0x000002f0c5cc3600 1865  s    3       java.beans.ChangeListenerMap::get (25 bytes)
Event: 52687.620 Thread 0x000002f0c5cc3600 nmethod 1865 0x000002f0b0748610 code [0x000002f0b07487c0, 0x000002f0b0748ba8]
Event: 52687.620 Thread 0x000002f0c5cc3600 1866       3       java.beans.PropertyChangeSupport::fire (39 bytes)
Event: 52687.622 Thread 0x000002f0c5cc3600 nmethod 1866 0x000002f0b0748c90 code [0x000002f0b0748e40, 0x000002f0b0749108]
Event: 52883.847 Thread 0x000002f0c5cac330 1867       4       java.net.URLStreamHandler::parseURL (1201 bytes)

GC Heap History (4 events):
Event: 0.385 GC heap before
{Heap before GC invocations=0 (full 0):
 garbage-first heap   total 126976K, used 15360K [0x0000000084000000, 0x0000000100000000)
  region size 1024K, 13 young (13312K), 0 survivors (0K)
 Metaspace       used 7010K, committed 7232K, reserved 1056768K
  class space    used 724K, committed 832K, reserved 1048576K
}
Event: 0.390 GC heap after
{Heap after GC invocations=1 (full 0):
 garbage-first heap   total 126976K, used 5599K [0x0000000084000000, 0x0000000100000000)
  region size 1024K, 2 young (2048K), 2 survivors (2048K)
 Metaspace       used 7010K, committed 7232K, reserved 1056768K
  class space    used 724K, committed 832K, reserved 1048576K
}
Event: 430.962 GC heap before
{Heap before GC invocations=1 (full 0):
 garbage-first heap   total 126976K, used 17887K [0x0000000084000000, 0x0000000100000000)
  region size 1024K, 12 young (12288K), 2 survivors (2048K)
 Metaspace       used 17360K, committed 17664K, reserved 1064960K
  class space    used 2030K, committed 2176K, reserved 1048576K
}
Event: 430.968 GC heap after
{Heap after GC invocations=2 (full 0):
 garbage-first heap   total 126976K, used 10128K [0x0000000084000000, 0x0000000100000000)
  region size 1024K, 2 young (2048K), 2 survivors (2048K)
 Metaspace       used 17360K, committed 17664K, reserved 1064960K
  class space    used 2030K, committed 2176K, reserved 1048576K
}

Deoptimization events (20 events):
Event: 0.897 Thread 0x000002f0a8381d90 DEOPT PACKING pc=0x000002f0b7993920 sp=0x000000fff49fe680
Event: 0.897 Thread 0x000002f0a8381d90 DEOPT UNPACKING pc=0x000002f0afeb5c23 sp=0x000000fff49fe5f8 mode 2
Event: 0.897 Thread 0x000002f0a8381d90 Uncommon trap: trap_request=0xffffffc6 fr.pc=0x000002f0b7993920 relative=0x0000000000000460
Event: 0.897 Thread 0x000002f0a8381d90 Uncommon trap: reason=bimorphic_or_optimized_type_check action=maybe_recompile pc=0x000002f0b7993920 method=java.util.HashMap.getNode(Ljava/lang/Object;)Ljava/util/HashMap$Node; @ 128 c2
Event: 0.897 Thread 0x000002f0a8381d90 DEOPT PACKING pc=0x000002f0b7993920 sp=0x000000fff49fe680
Event: 0.897 Thread 0x000002f0a8381d90 DEOPT UNPACKING pc=0x000002f0afeb5c23 sp=0x000000fff49fe5f8 mode 2
Event: 0.898 Thread 0x000002f0a8381d90 Uncommon trap: trap_request=0xffffff45 fr.pc=0x000002f0b799ad9c relative=0x000000000000015c
Event: 0.898 Thread 0x000002f0a8381d90 Uncommon trap: reason=unstable_if action=reinterpret pc=0x000002f0b799ad9c method=java.lang.invoke.VarHandle.checkExactAccessMode(Ljava/lang/invoke/VarHandle$AccessDescriptor;)V @ 4 c2
Event: 0.898 Thread 0x000002f0a8381d90 DEOPT PACKING pc=0x000002f0b799ad9c sp=0x000000fff49fef70
Event: 0.898 Thread 0x000002f0a8381d90 DEOPT UNPACKING pc=0x000002f0afeb5c23 sp=0x000000fff49feeb0 mode 2
Event: 0.933 Thread 0x000002f0a8381d90 Uncommon trap: trap_request=0xffffff45 fr.pc=0x000002f0b795a640 relative=0x0000000000000340
Event: 0.933 Thread 0x000002f0a8381d90 Uncommon trap: reason=unstable_if action=reinterpret pc=0x000002f0b795a640 method=java.lang.StringUTF16.compress([CI[BII)I @ 20 c2
Event: 0.933 Thread 0x000002f0a8381d90 DEOPT PACKING pc=0x000002f0b795a640 sp=0x000000fff49fd3c0
Event: 0.933 Thread 0x000002f0a8381d90 DEOPT UNPACKING pc=0x000002f0afeb5c23 sp=0x000000fff49fd340 mode 2
Event: 0.935 Thread 0x000002f0a8381d90 DEOPT PACKING pc=0x000002f0b0530ebe sp=0x000000fff49fd470
Event: 0.935 Thread 0x000002f0a8381d90 DEOPT UNPACKING pc=0x000002f0afeb6763 sp=0x000000fff49fc910 mode 0
Event: 0.937 Thread 0x000002f0a8381d90 Uncommon trap: trap_request=0xffffff76 fr.pc=0x000002f0b799641c relative=0x00000000000005dc
Event: 0.937 Thread 0x000002f0a8381d90 Uncommon trap: reason=predicate action=maybe_recompile pc=0x000002f0b799641c method=java.util.TreeMap.getEntryUsingComparator(Ljava/lang/Object;)Ljava/util/TreeMap$Entry; @ 19 c2
Event: 0.937 Thread 0x000002f0a8381d90 DEOPT PACKING pc=0x000002f0b799641c sp=0x000000fff49fd6b0
Event: 0.937 Thread 0x000002f0a8381d90 DEOPT UNPACKING pc=0x000002f0afeb5c23 sp=0x000000fff49fd650 mode 2

Classes unloaded (0 events):
No events

Classes redefined (0 events):
No events

Internal exceptions (20 events):
Event: 0.183 Thread 0x000002f0a8381d90 Exception <a 'java/lang/NoSuchMethodError'{0x000000008b8851b8}: 'java.lang.Object java.lang.invoke.DirectMethodHandle$Holder.newInvokeSpecial(java.lang.Object, java.lang.Object, java.lang.Object, java.lang.Object, java.lang.Object)'> (0x000000008b8851b8) 
thrown [s\src\hotspot\share\interpreter\linkResolver.cpp, line 759]
Event: 0.185 Thread 0x000002f0a8381d90 Exception <a 'java/lang/NoSuchMethodError'{0x000000008b891190}: 'java.lang.Object java.lang.invoke.DirectMethodHandle$Holder.invokeStatic(java.lang.Object, int, java.lang.Object, java.lang.Object, java.lang.Object, java.lang.Object)'> (0x000000008b891190) 
thrown [s\src\hotspot\share\interpreter\linkResolver.cpp, line 759]
Event: 0.188 Thread 0x000002f0a8381d90 Exception <a 'java/lang/NoSuchMethodError'{0x000000008b8b6950}: 'java.lang.Object java.lang.invoke.DirectMethodHandle$Holder.invokeStatic(java.lang.Object, int, java.lang.Object)'> (0x000000008b8b6950) 
thrown [s\src\hotspot\share\interpreter\linkResolver.cpp, line 759]
Event: 0.209 Thread 0x000002f0a8381d90 Exception <a 'java/lang/ClassNotFoundException'{0x000000008b76f0b0}: com/sun/swing/internal/plaf/metal/resources/spi/metalProvider> (0x000000008b76f0b0) 
thrown [s\src\hotspot\share\classfile\systemDictionary.cpp, line 256]
Event: 0.209 Thread 0x000002f0a8381d90 Exception <a 'java/lang/ClassNotFoundException'{0x000000008b772f58}: com/sun/swing/internal/plaf/basic/resources/spi/basicProvider> (0x000000008b772f58) 
thrown [s\src\hotspot\share\classfile\systemDictionary.cpp, line 256]
Event: 0.249 Thread 0x000002f0c6b7b010 Exception <a 'java/lang/NoSuchMethodError'{0x000000008b5429c0}: 'java.lang.Object java.lang.invoke.DirectMethodHandle$Holder.newInvokeSpecial(java.lang.Object, java.lang.Object, java.lang.Object, int, int, int, int, int)'> (0x000000008b5429c0) 
thrown [s\src\hotspot\share\interpreter\linkResolver.cpp, line 759]
Event: 0.299 Thread 0x000002f0a8381d90 Exception <a 'java/lang/NoSuchMethodError'{0x000000008b265ef0}: 'java.lang.Object java.lang.invoke.DirectMethodHandle$Holder.invokeInterface(java.lang.Object, java.lang.Object)'> (0x000000008b265ef0) 
thrown [s\src\hotspot\share\interpreter\linkResolver.cpp, line 759]
Event: 0.317 Thread 0x000002f0a8381d90 Exception <a 'java/lang/NoSuchMethodError'{0x000000008b2e5ed0}: 'void java.lang.invoke.DirectMethodHandle$Holder.invokeStatic(java.lang.Object, java.lang.Object, java.lang.Object)'> (0x000000008b2e5ed0) 
thrown [s\src\hotspot\share\interpreter\linkResolver.cpp, line 759]
Event: 0.318 Thread 0x000002f0a8381d90 Exception <a 'java/lang/NoSuchMethodError'{0x000000008b2efda0}: 'java.lang.Object java.lang.invoke.DirectMethodHandle$Holder.invokeVirtual(java.lang.Object, java.lang.Object, java.lang.Object)'> (0x000000008b2efda0) 
thrown [s\src\hotspot\share\interpreter\linkResolver.cpp, line 759]
Event: 0.382 Thread 0x000002f0a8381d90 Exception <a 'java/lang/NoSuchMethodError'{0x000000008aff66e8}: 'void java.lang.invoke.DirectMethodHandle$Holder.invokeStatic(java.lang.Object, java.lang.Object)'> (0x000000008aff66e8) 
thrown [s\src\hotspot\share\interpreter\linkResolver.cpp, line 759]
Event: 0.447 Thread 0x000002f0a8381d90 Exception <a 'java/lang/NoSuchMethodError'{0x000000008bab1988}: 'void java.lang.invoke.DirectMethodHandle$Holder.invokeStaticInit(java.lang.Object, java.lang.Object)'> (0x000000008bab1988) 
thrown [s\src\hotspot\share\interpreter\linkResolver.cpp, line 759]
Event: 0.544 Thread 0x000002f0a8381d90 Exception <a 'sun/nio/fs/WindowsException'{0x000000008b9d74f8}> (0x000000008b9d74f8) 
thrown [s\src\hotspot\share\prims\jni.cpp, line 516]
Event: 0.553 Thread 0x000002f0a8381d90 Exception <a 'java/lang/NoSuchMethodError'{0x000000008b9fc0e0}: 'int java.lang.invoke.DirectMethodHandle$Holder.invokeStaticInit(java.lang.Object, java.lang.Object, java.lang.Object, java.lang.Object)'> (0x000000008b9fc0e0) 
thrown [s\src\hotspot\share\interpreter\linkResolver.cpp, line 759]
Event: 0.554 Thread 0x000002f0a8381d90 Exception <a 'java/lang/IncompatibleClassChangeError'{0x000000008b805818}: Found class java.lang.Object, but interface was expected> (0x000000008b805818) 
thrown [s\src\hotspot\share\interpreter\linkResolver.cpp, line 826]
Event: 0.557 Thread 0x000002f0a8381d90 Exception <a 'java/lang/NoSuchMethodError'{0x000000008b80aca0}: 'int java.lang.invoke.DirectMethodHandle$Holder.invokeStaticInit(java.lang.Object, java.lang.Object)'> (0x000000008b80aca0) 
thrown [s\src\hotspot\share\interpreter\linkResolver.cpp, line 759]
Event: 0.649 Thread 0x000002f0a8381d90 Exception <a 'java/lang/NoSuchMethodError'{0x000000008b75be08}: 'java.lang.Object java.lang.invoke.DirectMethodHandle$Holder.invokeStaticInit(java.lang.Object, int, int, int, int)'> (0x000000008b75be08) 
thrown [s\src\hotspot\share\interpreter\linkResolver.cpp, line 759]
Event: 0.695 Thread 0x000002f0a8381d90 Exception <a 'java/lang/NoSuchMethodError'{0x000000008b62c310}: 'java.lang.Object java.lang.invoke.DirectMethodHandle$Holder.invokeStaticInit(java.lang.Object, java.lang.Object, int, int, int, int)'> (0x000000008b62c310) 
thrown [s\src\hotspot\share\interpreter\linkResolver.cpp, line 759]
Event: 0.796 Thread 0x000002f0a8381d90 Implicit null exception at 0x000002f0b799d4ec to 0x000002f0b799d688
Event: 0.925 Thread 0x000002f0a8381d90 Exception <a 'java/lang/NoSuchMethodError'{0x000000008b3ee070}: 'void java.lang.invoke.DirectMethodHandle$Holder.invokeStaticInit(java.lang.Object)'> (0x000000008b3ee070) 
thrown [s\src\hotspot\share\interpreter\linkResolver.cpp, line 759]
Event: 0.972 Thread 0x000002f0c6af4c10 Exception <a 'java/lang/NoSuchMethodError'{0x000000008b3de3a8}: 'void java.lang.invoke.DirectMethodHandle$Holder.invokeVirtual(java.lang.Object, java.lang.Object)'> (0x000000008b3de3a8) 
thrown [s\src\hotspot\share\interpreter\linkResolver.cpp, line 759]

VM Operations (20 events):
Event: 3.999 Executing VM operation: Cleanup
Event: 3.999 Executing VM operation: Cleanup done
Event: 430.962 Executing VM operation: G1CollectForAllocation
Event: 430.968 Executing VM operation: G1CollectForAllocation done
Event: 616.344 Executing VM operation: Cleanup
Event: 616.344 Executing VM operation: Cleanup done
Event: 1042.543 Executing VM operation: Cleanup
Event: 1042.543 Executing VM operation: Cleanup done
Event: 8444.303 Executing VM operation: Cleanup
Event: 8444.306 Executing VM operation: Cleanup done
Event: 9571.989 Executing VM operation: Cleanup
Event: 9571.989 Executing VM operation: Cleanup done
Event: 9575.015 Executing VM operation: Cleanup
Event: 9575.015 Executing VM operation: Cleanup done
Event: 11372.332 Executing VM operation: Cleanup
Event: 11372.333 Executing VM operation: Cleanup done
Event: 52687.594 Executing VM operation: Cleanup
Event: 52687.605 Executing VM operation: Cleanup done
Event: 52688.614 Executing VM operation: Cleanup
Event: 52688.614 Executing VM operation: Cleanup done

Events (20 events):
Event: 3.023 loading class java/awt/Panel
Event: 3.023 loading class java/awt/Panel done
Event: 3.023 loading class java/applet/Applet done
Event: 3.645 loading class java/awt/LightweightDispatcher$2
Event: 3.645 loading class java/awt/LightweightDispatcher$2 done
Event: 4.328 loading class java/awt/KeyboardFocusManager$2
Event: 4.328 loading class java/awt/KeyboardFocusManager$2 done
Event: 4.329 loading class sun/awt/SunToolkit$1
Event: 4.329 loading class sun/awt/SunToolkit$1 done
Event: 5.284 Thread 0x000002f0c6b7b010 Thread exited: 0x000002f0c6b7b010
Event: 23241.918 loading class java/awt/desktop/SystemSleepListener
Event: 23241.929 loading class java/awt/desktop/SystemEventListener
Event: 23241.930 loading class java/awt/desktop/SystemEventListener done
Event: 23241.930 loading class java/awt/desktop/SystemSleepListener done
Event: 52686.587 loading class java/util/WeakHashMap$KeyIterator
Event: 52686.608 loading class java/util/WeakHashMap$HashIterator
Event: 52686.619 loading class java/util/WeakHashMap$HashIterator done
Event: 52686.620 loading class java/util/WeakHashMap$KeyIterator done
Event: 52686.653 loading class javax/swing/RepaintManager$DisplayChangedRunnable
Event: 52686.660 loading class javax/swing/RepaintManager$DisplayChangedRunnable done


Dynamic libraries:
0x00007ff79f410000 - 0x00007ff79f41e000 	C:\Users\My Pc\AppData\Local\Programs\Eclipse Adoptium\jdk-17.0.4.101-hotspot\bin\java.exe
0x00007ffde6db0000 - 0x00007ffde6fc6000 	C:\WINDOWS\SYSTEM32\ntdll.dll
0x00007ffde57b0000 - 0x00007ffde5874000 	C:\WINDOWS\System32\KERNEL32.DLL
0x00007ffde40d0000 - 0x00007ffde4477000 	C:\WINDOWS\System32\KERNELBASE.dll
0x00007ffde4910000 - 0x00007ffde4a21000 	C:\WINDOWS\System32\ucrtbase.dll
0x00007ffdcb480000 - 0x00007ffdcb499000 	C:\Users\My Pc\AppData\Local\Programs\Eclipse Adoptium\jdk-17.0.4.101-hotspot\bin\VCRUNTIME140.dll
0x00007ffdcd230000 - 0x00007ffdcd248000 	C:\Users\My Pc\AppData\Local\Programs\Eclipse Adoptium\jdk-17.0.4.101-hotspot\bin\jli.dll
0x00007ffdcd510000 - 0x00007ffdcd7a3000 	C:\WINDOWS\WinSxS\amd64_microsoft.windows.common-controls_6595b64144ccf1df_6.0.22621.3235_none_270f74e173860f98\COMCTL32.dll
0x00007ffde53b0000 - 0x00007ffde555e000 	C:\WINDOWS\System32\USER32.dll
0x00007ffde4d00000 - 0x00007ffde4da7000 	C:\WINDOWS\System32\msvcrt.dll
0x00007ffde4780000 - 0x00007ffde47a6000 	C:\WINDOWS\System32\win32u.dll
0x00007ffde4f40000 - 0x00007ffde4f69000 	C:\WINDOWS\System32\GDI32.dll
0x00007ffde4480000 - 0x00007ffde4599000 	C:\WINDOWS\System32\gdi32full.dll
0x00007ffde47b0000 - 0x00007ffde484a000 	C:\WINDOWS\System32\msvcp_win.dll
0x00007ffde4e70000 - 0x00007ffde4ea1000 	C:\WINDOWS\System32\IMM32.DLL
0x00007ffdd28a0000 - 0x00007ffdd28ac000 	C:\Users\My Pc\AppData\Local\Programs\Eclipse Adoptium\jdk-17.0.4.101-hotspot\bin\vcruntime140_1.dll
0x00007ffdace00000 - 0x00007ffdace91000 	C:\Users\My Pc\AppData\Local\Programs\Eclipse Adoptium\jdk-17.0.4.101-hotspot\bin\msvcp140.dll
0x00007ffda0070000 - 0x00007ffda0cb6000 	C:\Users\My Pc\AppData\Local\Programs\Eclipse Adoptium\jdk-17.0.4.101-hotspot\bin\server\jvm.dll
0x00007ffde4db0000 - 0x00007ffde4e62000 	C:\WINDOWS\System32\ADVAPI32.dll
0x00007ffde4b90000 - 0x00007ffde4c38000 	C:\WINDOWS\System32\sechost.dll
0x00007ffde4ab0000 - 0x00007ffde4ad8000 	C:\WINDOWS\System32\bcrypt.dll
0x00007ffde6bf0000 - 0x00007ffde6d05000 	C:\WINDOWS\System32\RPCRT4.dll
0x00007ffde4f30000 - 0x00007ffde4f38000 	C:\WINDOWS\System32\PSAPI.DLL
0x00007ffdc10a0000 - 0x00007ffdc10a9000 	C:\WINDOWS\SYSTEM32\WSOCK32.dll
0x00007ffddc070000 - 0x00007ffddc07a000 	C:\WINDOWS\SYSTEM32\VERSION.dll
0x00007ffdd99e0000 - 0x00007ffdd9a14000 	C:\WINDOWS\SYSTEM32\WINMM.dll
0x00007ffde66f0000 - 0x00007ffde6761000 	C:\WINDOWS\System32\WS2_32.dll
0x00007ffde3110000 - 0x00007ffde3128000 	C:\WINDOWS\SYSTEM32\kernel.appcore.dll
0x00007ffdcd7b0000 - 0x00007ffdcd7ba000 	C:\Users\My Pc\AppData\Local\Programs\Eclipse Adoptium\jdk-17.0.4.101-hotspot\bin\jimage.dll
0x00007ffddf2a0000 - 0x00007ffddf4d3000 	C:\WINDOWS\SYSTEM32\DBGHELP.DLL
0x00007ffde58b0000 - 0x00007ffde5c38000 	C:\WINDOWS\System32\combase.dll
0x00007ffde5da0000 - 0x00007ffde5e77000 	C:\WINDOWS\System32\OLEAUT32.dll
0x00007ffdc14c0000 - 0x00007ffdc14f2000 	C:\WINDOWS\SYSTEM32\dbgcore.DLL
0x00007ffde4a30000 - 0x00007ffde4aa9000 	C:\WINDOWS\System32\bcryptPrimitives.dll
0x00007ffdc75b0000 - 0x00007ffdc75d5000 	C:\Users\My Pc\AppData\Local\Programs\Eclipse Adoptium\jdk-17.0.4.101-hotspot\bin\java.dll
0x00007ffdb1400000 - 0x00007ffdb14d6000 	C:\Users\My Pc\AppData\Local\Programs\Eclipse Adoptium\jdk-17.0.4.101-hotspot\bin\jsvml.dll
0x00007ffde5e80000 - 0x00007ffde66dc000 	C:\WINDOWS\System32\SHELL32.dll
0x00007ffde2030000 - 0x00007ffde2929000 	C:\WINDOWS\SYSTEM32\windows.storage.dll
0x00007ffde1ef0000 - 0x00007ffde202e000 	C:\WINDOWS\SYSTEM32\wintypes.dll
0x00007ffde5070000 - 0x00007ffde5163000 	C:\WINDOWS\System32\SHCORE.dll
0x00007ffde5590000 - 0x00007ffde55ee000 	C:\WINDOWS\System32\shlwapi.dll
0x00007ffde4000000 - 0x00007ffde4021000 	C:\WINDOWS\SYSTEM32\profapi.dll
0x00007ffdc92d0000 - 0x00007ffdc92e9000 	C:\Users\My Pc\AppData\Local\Programs\Eclipse Adoptium\jdk-17.0.4.101-hotspot\bin\net.dll
0x00007ffddbc70000 - 0x00007ffddbda6000 	C:\WINDOWS\SYSTEM32\WINHTTP.dll
0x00007ffde3580000 - 0x00007ffde35e9000 	C:\WINDOWS\system32\mswsock.dll
0x00007ffdc7d80000 - 0x00007ffdc7d95000 	C:\Users\My Pc\AppData\Local\Programs\Eclipse Adoptium\jdk-17.0.4.101-hotspot\bin\nio.dll
0x00007ffdc72a0000 - 0x00007ffdc72b8000 	C:\Users\My Pc\AppData\Local\Programs\Eclipse Adoptium\jdk-17.0.4.101-hotspot\bin\zip.dll
0x00007ffda4870000 - 0x00007ffda49fe000 	C:\Users\My Pc\AppData\Local\Programs\Eclipse Adoptium\jdk-17.0.4.101-hotspot\bin\awt.dll
0x00007ffde1460000 - 0x00007ffde14f7000 	C:\WINDOWS\SYSTEM32\apphelp.dll
0x00007ffde1860000 - 0x00007ffde188b000 	C:\WINDOWS\system32\DWMAPI.DLL
0x00007ffde1600000 - 0x00007ffde16ab000 	C:\WINDOWS\system32\uxtheme.dll
0x00007ffdcaae0000 - 0x00007ffdcabe0000 	C:\WINDOWS\system32\opengl32.dll
0x00007ffddc970000 - 0x00007ffddc99d000 	C:\WINDOWS\SYSTEM32\GLU32.dll
0x00007ffde1710000 - 0x00007ffde1749000 	C:\WINDOWS\SYSTEM32\dxcore.dll
0x00007ffde5c40000 - 0x00007ffde5d93000 	C:\WINDOWS\System32\MSCTF.dll
0x00007ffde5200000 - 0x00007ffde53a5000 	C:\WINDOWS\System32\ole32.dll
0x00007ffdc8370000 - 0x00007ffdc839d000 	C:\Users\My Pc\AppData\Local\Programs\Eclipse Adoptium\jdk-17.0.4.101-hotspot\bin\javajpeg.dll
0x00007ffde2c00000 - 0x00007ffde2cf9000 	C:\WINDOWS\SYSTEM32\DNSAPI.dll
0x00007ffde2bd0000 - 0x00007ffde2bfd000 	C:\WINDOWS\SYSTEM32\IPHLPAPI.DLL
0x00007ffde5580000 - 0x00007ffde5589000 	C:\WINDOWS\System32\NSI.dll
0x00007ffdd9370000 - 0x00007ffdd937a000 	C:\Windows\System32\rasadhlp.dll
0x00007ffdd83a0000 - 0x00007ffdd8423000 	C:\WINDOWS\System32\fwpuclnt.dll
0x00007ffde37e0000 - 0x00007ffde37fb000 	C:\WINDOWS\SYSTEM32\CRYPTSP.dll
0x00007ffde3070000 - 0x00007ffde30a5000 	C:\WINDOWS\system32\rsaenh.dll
0x00007ffde3680000 - 0x00007ffde36a8000 	C:\WINDOWS\SYSTEM32\USERENV.dll
0x00007ffde3800000 - 0x00007ffde380c000 	C:\WINDOWS\SYSTEM32\CRYPTBASE.dll
0x00007ffdd9880000 - 0x00007ffdd9899000 	C:\WINDOWS\SYSTEM32\dhcpcsvc6.DLL
0x00007ffdd9860000 - 0x00007ffdd987f000 	C:\WINDOWS\SYSTEM32\dhcpcsvc.DLL
0x00007ffdd8a20000 - 0x00007ffdd8a2e000 	C:\Users\My Pc\AppData\Local\Programs\Eclipse Adoptium\jdk-17.0.4.101-hotspot\bin\sunmscapi.dll
0x00007ffde45a0000 - 0x00007ffde4707000 	C:\WINDOWS\System32\CRYPT32.dll
0x00007ffde39a0000 - 0x00007ffde39ce000 	C:\WINDOWS\SYSTEM32\ncrypt.dll
0x00007ffde3960000 - 0x00007ffde3997000 	C:\WINDOWS\SYSTEM32\NTASN1.dll
0x00007ffdac250000 - 0x00007ffdac2d6000 	C:\Users\My Pc\AppData\Local\Programs\Eclipse Adoptium\jdk-17.0.4.101-hotspot\bin\freetype.dll
0x00007ffda6730000 - 0x00007ffda67d8000 	C:\Users\My Pc\AppData\Local\Programs\Eclipse Adoptium\jdk-17.0.4.101-hotspot\bin\fontmanager.dll
0x00007ffdcd2a0000 - 0x00007ffdcd3ea000 	C:\WINDOWS\SYSTEM32\textinputframework.dll
0x00007ffdc26a0000 - 0x00007ffdc2750000 	C:\WINDOWS\SYSTEM32\TextShaping.dll

dbghelp: loaded successfully - version: 4.0.5 - missing functions: none
symbol engine: initialized successfully - sym options: 0x614 - pdb path: .;C:\Users\My Pc\AppData\Local\Programs\Eclipse Adoptium\jdk-17.0.4.101-hotspot\bin;C:\WINDOWS\SYSTEM32;C:\WINDOWS\WinSxS\amd64_microsoft.windows.common-controls_6595b64144ccf1df_6.0.22621.3235_none_270f74e173860f98;C:\Users\My Pc\AppData\Local\Programs\Eclipse Adoptium\jdk-17.0.4.101-hotspot\bin\server

VM Arguments:
jvm_args: -Dfile.encoding=UTF-8 --module-path=C:\Users\My Pc\OneDrive\Documents\NetBeansProjects\UniversityManagementSys\build\classes 
java_command: universitymanagementsys.EnterMarks
java_class_path (initial): C:\Users\My Pc\Downloads\mysql-connector-java-8.0.28.jar;C:\Users\My Pc\Downloads\jcalendar-tz-1.3.3-4.jar;C:\Users\My Pc\Downloads\rs2xml.jar;C:\Users\My Pc\OneDrive\Documents\NetBeansProjects\UniversityManagementSys\build\classes
Launcher Type: SUN_STANDARD

[Global flags]
     intx CICompilerCount                          = 3                                         {product} {ergonomic}
     uint ConcGCThreads                            = 1                                         {product} {ergonomic}
     uint G1ConcRefinementThreads                  = 4                                         {product} {ergonomic}
   size_t G1HeapRegionSize                         = 1048576                                   {product} {ergonomic}
    uintx GCDrainStackTargetSize                   = 64                                        {product} {ergonomic}
   size_t InitialHeapSize                          = 130023424                                 {product} {ergonomic}
   size_t MarkStackSize                            = 4194304                                   {product} {ergonomic}
   size_t MaxHeapSize                              = 2080374784                                {product} {ergonomic}
   size_t MaxNewSize                               = 1247805440                                {product} {ergonomic}
   size_t MinHeapDeltaBytes                        = 1048576                                   {product} {ergonomic}
   size_t MinHeapSize                              = 8388608                                   {product} {ergonomic}
    uintx NonNMethodCodeHeapSize                   = 5832780                                {pd product} {ergonomic}
    uintx NonProfiledCodeHeapSize                  = 122912730                              {pd product} {ergonomic}
    uintx ProfiledCodeHeapSize                     = 122912730                              {pd product} {ergonomic}
    uintx ReservedCodeCacheSize                    = 251658240                              {pd product} {ergonomic}
     bool SegmentedCodeCache                       = true                                      {product} {ergonomic}
   size_t SoftMaxHeapSize                          = 2080374784                             {manageable} {ergonomic}
     bool UseCompressedClassPointers               = true                           {product lp64_product} {ergonomic}
     bool UseCompressedOops                        = true                           {product lp64_product} {ergonomic}
     bool UseG1GC                                  = true                                      {product} {ergonomic}
     bool UseLargePagesIndividualAllocation        = false                                  {pd product} {ergonomic}

Logging:
Log output configuration:
 #0: stdout all=warning uptime,level,tags
 #1: stderr all=off uptime,level,tags

Environment Variables:
JAVA_HOME=C:\Users\My Pc\AppData\Local\Programs\Eclipse Adoptium\jdk-17.0.4.101-hotspot\
PATH=C:\Program Files\Common Files\Oracle\Java\javapath;C:\oraclexe\app\oracle\product\11.2.0\server\bin;C:\WINDOWS\system32;C:\WINDOWS;C:\WINDOWS\System32\Wbem;C:\WINDOWS\System32\WindowsPowerShell\v1.0\;C:\WINDOWS\System32\OpenSSH\;C:\MinGW\bin;C:\Program Files\Git\cmd;C:\Program Files\Git\mingw64\bin;C:\Program Files\Git\usr\bin;C:\Program Files\nodejs\;C:\Program Files\Java\jdk-17\bin;C:\Program Files\MySQL\MySQL Shell 8.0\bin\;C:\Users\My Pc\AppData\Local\Programs\Python\Python311\Scripts\;C:\Users\My Pc\AppData\Local\Programs\Python\Python311\;C:\Users\My Pc\AppData\Local\Programs\Eclipse Adoptium\jdk-17.0.4.101-hotspot\bin;C:\Users\My Pc\AppData\Local\Microsoft\WindowsApps;;C:\Users\My Pc\AppData\Local\Programs\Microsoft VS Code\bin;C:\Program Files\JetBrains\IntelliJ IDEA Community Edition 2022.2.2\bin;;C:\Users\My Pc\AppData\Roaming\npm
USERNAME=My Pc
OS=Windows_NT
PROCESSOR_IDENTIFIER=Intel64 Family 6 Model 140 Stepping 1, GenuineIntel
TMP=C:\Users\MYPC~1\AppData\Local\Temp
TEMP=C:\Users\MYPC~1\AppData\Local\Temp



---------------  S Y S T E M  ---------------

OS:
 Windows 11 , 64 bit Build 22621 (10.0.22621.3374)
OS uptime: 7 days 16:12 hours

CPU: total 4 (initial active 4) (2 cores per cpu, 2 threads per core) family 6 model 140 stepping 1 microcode 0xac, cx8, cmov, fxsr, ht, mmx, 3dnowpref, sse, sse2, sse3, ssse3, sse4.1, sse4.2, popcnt, lzcnt, tsc, tscinvbit, avx, avx2, aes, erms, clmul, bmi1, bmi2, adx, avx512f, avx512dq, avx512cd, avx512bw, avx512vl, sha, fma, vzeroupper, avx512_vpopcntdq, avx512_vpclmulqdq, avx512_vaes, avx512_vnni, clflush, clflushopt, clwb, avx512_vbmi2, avx512_vbmi

Memory: 4k page, system-wide physical 7932M (447M free)
TotalPageFile size 32508M (AvailPageFile size 3M)
current process WorkingSet (physical memory assigned to process): 31M, peak: 94M
current process commit charge ("private bytes"): 229M, peak: 232M

vm_info: OpenJDK 64-Bit Server VM (17.0.4.1+1) for windows-amd64 JRE (17.0.4.1+1), built on Aug 17 2022 07:42:43 by "temurin" with MS VC++ 16.7 (VS2019)

END.
